
*** Running vivado
    with args -log hdmi_wrapper.vdi -applog -m64 -product Vivado -messageDb vivado.pb -mode batch -source hdmi_wrapper.tcl -notrace



****** Vivado v2024.1 (64-bit)
  **** SW Build 5076996 on Wed May 22 18:37:14 MDT 2024
  **** IP Build 5075265 on Wed May 22 21:45:21 MDT 2024
  **** SharedData Build 5076995 on Wed May 22 18:29:18 MDT 2024
  **** Start of session at: Tue Dec  2 18:45:32 2025
    ** Copyright 1986-2022 Xilinx, Inc. All Rights Reserved.
    ** Copyright 2022-2024 Advanced Micro Devices, Inc. All Rights Reserved.

source hdmi_wrapper.tcl -notrace
create_project: Time (s): cpu = 00:00:10 ; elapsed = 00:00:11 . Memory (MB): peak = 553.922 ; gain = 241.227
INFO: [IP_Flow 19-234] Refreshing IP repositories
INFO: [IP_Flow 19-1700] Loaded user IP repository 'a:/Facultate/Labs/SSC/Laboratorul9/Hardware/ip_repo/zybo-z7-hdmi-master/zybo-z7-hdmi-master/hardware/zybo_z7_hdmi_repo'.
INFO: [IP_Flow 19-2313] Loaded Vivado IP repository 'A:/Aplicatii/Vivado/Vivado/2024.1/data/ip'.
Command: link_design -top hdmi_wrapper -part xc7z020clg400-1
Design is defaulting to srcset: sources_1
Design is defaulting to constrset: constrs_1
INFO: [Device 21-403] Loading part xc7z020clg400-1
INFO: [Device 21-9227] Part: xc7z020clg400-1 does not have CEAM library.
INFO: [Project 1-454] Reading design checkpoint 'a:/Facultate/Labs/SSC/TicTacToe/Hardware/zybo_hdmi.gen/sources_1/bd/hdmi/ip/hdmi_axi_gpio_btn_and_sw_0/hdmi_axi_gpio_btn_and_sw_0.dcp' for cell 'hdmi_i/axi_gpio_btn_and_sw'
INFO: [Project 1-454] Reading design checkpoint 'a:/Facultate/Labs/SSC/TicTacToe/Hardware/zybo_hdmi.gen/sources_1/bd/hdmi/ip/hdmi_axi_gpio_0_0/hdmi_axi_gpio_0_0.dcp' for cell 'hdmi_i/axi_gpio_input_data'
INFO: [Project 1-454] Reading design checkpoint 'a:/Facultate/Labs/SSC/TicTacToe/Hardware/zybo_hdmi.gen/sources_1/bd/hdmi/ip/hdmi_axi_gpio_0_1/hdmi_axi_gpio_0_1.dcp' for cell 'hdmi_i/axi_gpio_output_game_status'
INFO: [Project 1-454] Reading design checkpoint 'a:/Facultate/Labs/SSC/TicTacToe/Hardware/zybo_hdmi.gen/sources_1/bd/hdmi/ip/hdmi_axi_timer_0_0/hdmi_axi_timer_0_0.dcp' for cell 'hdmi_i/axi_timer_0'
INFO: [Project 1-454] Reading design checkpoint 'a:/Facultate/Labs/SSC/TicTacToe/Hardware/zybo_hdmi.gen/sources_1/bd/hdmi/ip/hdmi_gameLogic_0_0/hdmi_gameLogic_0_0.dcp' for cell 'hdmi_i/gameLogic_0'
INFO: [Project 1-454] Reading design checkpoint 'a:/Facultate/Labs/SSC/TicTacToe/Hardware/zybo_hdmi.gen/sources_1/bd/hdmi/ip/hdmi_processing_system7_0_0/hdmi_processing_system7_0_0.dcp' for cell 'hdmi_i/processing_system7_0'
INFO: [Project 1-454] Reading design checkpoint 'a:/Facultate/Labs/SSC/TicTacToe/Hardware/zybo_hdmi.gen/sources_1/bd/hdmi/ip/hdmi_rst_ps7_0_100M_0/hdmi_rst_ps7_0_100M_0.dcp' for cell 'hdmi_i/rst_ps7_0_100M'
INFO: [Project 1-454] Reading design checkpoint 'a:/Facultate/Labs/SSC/TicTacToe/Hardware/zybo_hdmi.gen/sources_1/bd/hdmi/ip/hdmi_axi_dynclk_0_0/hdmi_axi_dynclk_0_0.dcp' for cell 'hdmi_i/hdmi/axi_dynclk_0'
INFO: [Project 1-454] Reading design checkpoint 'a:/Facultate/Labs/SSC/TicTacToe/Hardware/zybo_hdmi.gen/sources_1/bd/hdmi/ip/hdmi_axi_vdma_0_0/hdmi_axi_vdma_0_0.dcp' for cell 'hdmi_i/hdmi/axi_vdma_0'
INFO: [Project 1-454] Reading design checkpoint 'a:/Facultate/Labs/SSC/TicTacToe/Hardware/zybo_hdmi.gen/sources_1/bd/hdmi/ip/hdmi_axis_subset_converter_0_0/hdmi_axis_subset_converter_0_0.dcp' for cell 'hdmi_i/hdmi/axis_subset_converter_0'
INFO: [Project 1-454] Reading design checkpoint 'a:/Facultate/Labs/SSC/TicTacToe/Hardware/zybo_hdmi.gen/sources_1/bd/hdmi/ip/hdmi_rgb2dvi_0_0/hdmi_rgb2dvi_0_0.dcp' for cell 'hdmi_i/hdmi/rgb2dvi_0'
INFO: [Project 1-454] Reading design checkpoint 'a:/Facultate/Labs/SSC/TicTacToe/Hardware/zybo_hdmi.gen/sources_1/bd/hdmi/ip/hdmi_v_axi4s_vid_out_0_0/hdmi_v_axi4s_vid_out_0_0.dcp' for cell 'hdmi_i/hdmi/v_axi4s_vid_out_0'
INFO: [Project 1-454] Reading design checkpoint 'a:/Facultate/Labs/SSC/TicTacToe/Hardware/zybo_hdmi.gen/sources_1/bd/hdmi/ip/hdmi_v_tc_0_0/hdmi_v_tc_0_0.dcp' for cell 'hdmi_i/hdmi/v_tc_0'
INFO: [Project 1-454] Reading design checkpoint 'a:/Facultate/Labs/SSC/TicTacToe/Hardware/zybo_hdmi.gen/sources_1/bd/hdmi/ip/hdmi_auto_pc_0/hdmi_auto_pc_0.dcp' for cell 'hdmi_i/hdmi/axi_mem_intercon/s00_couplers/auto_pc'
INFO: [Project 1-454] Reading design checkpoint 'a:/Facultate/Labs/SSC/TicTacToe/Hardware/zybo_hdmi.gen/sources_1/bd/hdmi/ip/hdmi_xbar_0/hdmi_xbar_0.dcp' for cell 'hdmi_i/ps7_0_axi_periph/xbar'
INFO: [Project 1-454] Reading design checkpoint 'a:/Facultate/Labs/SSC/TicTacToe/Hardware/zybo_hdmi.gen/sources_1/bd/hdmi/ip/hdmi_auto_pc_1/hdmi_auto_pc_1.dcp' for cell 'hdmi_i/ps7_0_axi_periph/s00_couplers/auto_pc'
Netlist sorting complete. Time (s): cpu = 00:00:01 ; elapsed = 00:00:00.299 . Memory (MB): peak = 1161.379 ; gain = 0.000
INFO: [Netlist 29-17] Analyzing 434 Unisim elements for replacement
INFO: [Netlist 29-28] Unisim Transformation completed in 0 CPU seconds
INFO: [Project 1-479] Netlist was created with Vivado 2024.1
INFO: [Project 1-570] Preparing netlist for logic optimization
Parsing XDC File [a:/Facultate/Labs/SSC/TicTacToe/Hardware/zybo_hdmi.gen/sources_1/bd/hdmi/ip/hdmi_processing_system7_0_0/hdmi_processing_system7_0_0.xdc] for cell 'hdmi_i/processing_system7_0/inst'
Finished Parsing XDC File [a:/Facultate/Labs/SSC/TicTacToe/Hardware/zybo_hdmi.gen/sources_1/bd/hdmi/ip/hdmi_processing_system7_0_0/hdmi_processing_system7_0_0.xdc] for cell 'hdmi_i/processing_system7_0/inst'
Parsing XDC File [a:/Facultate/Labs/SSC/TicTacToe/Hardware/zybo_hdmi.gen/sources_1/bd/hdmi/ip/hdmi_axi_vdma_0_0/hdmi_axi_vdma_0_0.xdc] for cell 'hdmi_i/hdmi/axi_vdma_0/U0'
WARNING: [Vivado_Tcl 4-921] Waiver ID 'CDC-4' -to list should not be empty. [a:/Facultate/Labs/SSC/TicTacToe/Hardware/zybo_hdmi.gen/sources_1/bd/hdmi/ip/hdmi_axi_vdma_0_0/hdmi_axi_vdma_0_0.xdc:60]
WARNING: [Vivado_Tcl 4-921] Waiver ID 'CDC-4' -to list should not be empty. [a:/Facultate/Labs/SSC/TicTacToe/Hardware/zybo_hdmi.gen/sources_1/bd/hdmi/ip/hdmi_axi_vdma_0_0/hdmi_axi_vdma_0_0.xdc:64]
WARNING: [Vivado_Tcl 4-921] Waiver ID 'CDC-4' -to list should not be empty. [a:/Facultate/Labs/SSC/TicTacToe/Hardware/zybo_hdmi.gen/sources_1/bd/hdmi/ip/hdmi_axi_vdma_0_0/hdmi_axi_vdma_0_0.xdc:88]
WARNING: [Vivado_Tcl 4-921] Waiver ID 'CDC-4' -to list should not be empty. [a:/Facultate/Labs/SSC/TicTacToe/Hardware/zybo_hdmi.gen/sources_1/bd/hdmi/ip/hdmi_axi_vdma_0_0/hdmi_axi_vdma_0_0.xdc:92]
WARNING: [Vivado_Tcl 4-921] Waiver ID 'CDC-4' -to list should not be empty. [a:/Facultate/Labs/SSC/TicTacToe/Hardware/zybo_hdmi.gen/sources_1/bd/hdmi/ip/hdmi_axi_vdma_0_0/hdmi_axi_vdma_0_0.xdc:96]
WARNING: [Vivado_Tcl 4-921] Waiver ID 'CDC-4' -to list should not be empty. [a:/Facultate/Labs/SSC/TicTacToe/Hardware/zybo_hdmi.gen/sources_1/bd/hdmi/ip/hdmi_axi_vdma_0_0/hdmi_axi_vdma_0_0.xdc:100]
WARNING: [Vivado_Tcl 4-921] Waiver ID 'CDC-4' -to list should not be empty. [a:/Facultate/Labs/SSC/TicTacToe/Hardware/zybo_hdmi.gen/sources_1/bd/hdmi/ip/hdmi_axi_vdma_0_0/hdmi_axi_vdma_0_0.xdc:104]
WARNING: [Vivado_Tcl 4-921] Waiver ID 'CDC-1' -to list should not be empty. [a:/Facultate/Labs/SSC/TicTacToe/Hardware/zybo_hdmi.gen/sources_1/bd/hdmi/ip/hdmi_axi_vdma_0_0/hdmi_axi_vdma_0_0.xdc:108]
WARNING: [Vivado_Tcl 4-921] Waiver ID 'CDC-4' -to list should not be empty. [a:/Facultate/Labs/SSC/TicTacToe/Hardware/zybo_hdmi.gen/sources_1/bd/hdmi/ip/hdmi_axi_vdma_0_0/hdmi_axi_vdma_0_0.xdc:116]
WARNING: [Vivado_Tcl 4-921] Waiver ID 'CDC-4' -to list should not be empty. [a:/Facultate/Labs/SSC/TicTacToe/Hardware/zybo_hdmi.gen/sources_1/bd/hdmi/ip/hdmi_axi_vdma_0_0/hdmi_axi_vdma_0_0.xdc:120]
WARNING: [Vivado_Tcl 4-921] Waiver ID 'CDC-1' -to list should not be empty. [a:/Facultate/Labs/SSC/TicTacToe/Hardware/zybo_hdmi.gen/sources_1/bd/hdmi/ip/hdmi_axi_vdma_0_0/hdmi_axi_vdma_0_0.xdc:124]
WARNING: [Vivado_Tcl 4-921] Waiver ID 'CDC-4' -to list should not be empty. [a:/Facultate/Labs/SSC/TicTacToe/Hardware/zybo_hdmi.gen/sources_1/bd/hdmi/ip/hdmi_axi_vdma_0_0/hdmi_axi_vdma_0_0.xdc:136]
WARNING: [Vivado_Tcl 4-921] Waiver ID 'CDC-4' -to list should not be empty. [a:/Facultate/Labs/SSC/TicTacToe/Hardware/zybo_hdmi.gen/sources_1/bd/hdmi/ip/hdmi_axi_vdma_0_0/hdmi_axi_vdma_0_0.xdc:140]
WARNING: [Vivado_Tcl 4-921] Waiver ID 'CDC-1' -to list should not be empty. [a:/Facultate/Labs/SSC/TicTacToe/Hardware/zybo_hdmi.gen/sources_1/bd/hdmi/ip/hdmi_axi_vdma_0_0/hdmi_axi_vdma_0_0.xdc:144]
WARNING: [Vivado_Tcl 4-921] Waiver ID 'CDC-4' -to list should not be empty. [a:/Facultate/Labs/SSC/TicTacToe/Hardware/zybo_hdmi.gen/sources_1/bd/hdmi/ip/hdmi_axi_vdma_0_0/hdmi_axi_vdma_0_0.xdc:148]
WARNING: [Vivado_Tcl 4-921] Waiver ID 'CDC-4' -to list should not be empty. [a:/Facultate/Labs/SSC/TicTacToe/Hardware/zybo_hdmi.gen/sources_1/bd/hdmi/ip/hdmi_axi_vdma_0_0/hdmi_axi_vdma_0_0.xdc:152]
WARNING: [Vivado_Tcl 4-921] Waiver ID 'CDC-4' -to list should not be empty. [a:/Facultate/Labs/SSC/TicTacToe/Hardware/zybo_hdmi.gen/sources_1/bd/hdmi/ip/hdmi_axi_vdma_0_0/hdmi_axi_vdma_0_0.xdc:156]
WARNING: [Vivado_Tcl 4-921] Waiver ID 'CDC-4' -to list should not be empty. [a:/Facultate/Labs/SSC/TicTacToe/Hardware/zybo_hdmi.gen/sources_1/bd/hdmi/ip/hdmi_axi_vdma_0_0/hdmi_axi_vdma_0_0.xdc:160]
WARNING: [Vivado_Tcl 4-921] Waiver ID 'CDC-4' -to list should not be empty. [a:/Facultate/Labs/SSC/TicTacToe/Hardware/zybo_hdmi.gen/sources_1/bd/hdmi/ip/hdmi_axi_vdma_0_0/hdmi_axi_vdma_0_0.xdc:164]
WARNING: [Vivado_Tcl 4-921] Waiver ID 'CDC-4' -to list should not be empty. [a:/Facultate/Labs/SSC/TicTacToe/Hardware/zybo_hdmi.gen/sources_1/bd/hdmi/ip/hdmi_axi_vdma_0_0/hdmi_axi_vdma_0_0.xdc:168]
WARNING: [Vivado_Tcl 4-921] Waiver ID 'CDC-4' -to list should not be empty. [a:/Facultate/Labs/SSC/TicTacToe/Hardware/zybo_hdmi.gen/sources_1/bd/hdmi/ip/hdmi_axi_vdma_0_0/hdmi_axi_vdma_0_0.xdc:172]
WARNING: [Vivado_Tcl 4-921] Waiver ID 'CDC-1' -to list should not be empty. [a:/Facultate/Labs/SSC/TicTacToe/Hardware/zybo_hdmi.gen/sources_1/bd/hdmi/ip/hdmi_axi_vdma_0_0/hdmi_axi_vdma_0_0.xdc:176]
WARNING: [Vivado_Tcl 4-921] Waiver ID 'CDC-4' -to list should not be empty. [a:/Facultate/Labs/SSC/TicTacToe/Hardware/zybo_hdmi.gen/sources_1/bd/hdmi/ip/hdmi_axi_vdma_0_0/hdmi_axi_vdma_0_0.xdc:180]
WARNING: [Vivado_Tcl 4-921] Waiver ID 'CDC-1' -to list should not be empty. [a:/Facultate/Labs/SSC/TicTacToe/Hardware/zybo_hdmi.gen/sources_1/bd/hdmi/ip/hdmi_axi_vdma_0_0/hdmi_axi_vdma_0_0.xdc:184]
WARNING: [Vivado_Tcl 4-921] Waiver ID 'CDC-6' -to list should not be empty. [a:/Facultate/Labs/SSC/TicTacToe/Hardware/zybo_hdmi.gen/sources_1/bd/hdmi/ip/hdmi_axi_vdma_0_0/hdmi_axi_vdma_0_0.xdc:192]
WARNING: [Vivado_Tcl 4-921] Waiver ID 'CDC-6' -to list should not be empty. [a:/Facultate/Labs/SSC/TicTacToe/Hardware/zybo_hdmi.gen/sources_1/bd/hdmi/ip/hdmi_axi_vdma_0_0/hdmi_axi_vdma_0_0.xdc:196]
WARNING: [Vivado_Tcl 4-921] Waiver ID 'CDC-6' -to list should not be empty. [a:/Facultate/Labs/SSC/TicTacToe/Hardware/zybo_hdmi.gen/sources_1/bd/hdmi/ip/hdmi_axi_vdma_0_0/hdmi_axi_vdma_0_0.xdc:200]
WARNING: [Vivado_Tcl 4-921] Waiver ID 'CDC-6' -to list should not be empty. [a:/Facultate/Labs/SSC/TicTacToe/Hardware/zybo_hdmi.gen/sources_1/bd/hdmi/ip/hdmi_axi_vdma_0_0/hdmi_axi_vdma_0_0.xdc:204]
WARNING: [Vivado_Tcl 4-921] Waiver ID 'CDC-6' -to list should not be empty. [a:/Facultate/Labs/SSC/TicTacToe/Hardware/zybo_hdmi.gen/sources_1/bd/hdmi/ip/hdmi_axi_vdma_0_0/hdmi_axi_vdma_0_0.xdc:208]
WARNING: [Vivado_Tcl 4-921] Waiver ID 'CDC-6' -to list should not be empty. [a:/Facultate/Labs/SSC/TicTacToe/Hardware/zybo_hdmi.gen/sources_1/bd/hdmi/ip/hdmi_axi_vdma_0_0/hdmi_axi_vdma_0_0.xdc:212]
WARNING: [Vivado_Tcl 4-921] Waiver ID 'CDC-6' -to list should not be empty. [a:/Facultate/Labs/SSC/TicTacToe/Hardware/zybo_hdmi.gen/sources_1/bd/hdmi/ip/hdmi_axi_vdma_0_0/hdmi_axi_vdma_0_0.xdc:216]
WARNING: [Vivado_Tcl 4-921] Waiver ID 'CDC-6' -to list should not be empty. [a:/Facultate/Labs/SSC/TicTacToe/Hardware/zybo_hdmi.gen/sources_1/bd/hdmi/ip/hdmi_axi_vdma_0_0/hdmi_axi_vdma_0_0.xdc:220]
Finished Parsing XDC File [a:/Facultate/Labs/SSC/TicTacToe/Hardware/zybo_hdmi.gen/sources_1/bd/hdmi/ip/hdmi_axi_vdma_0_0/hdmi_axi_vdma_0_0.xdc] for cell 'hdmi_i/hdmi/axi_vdma_0/U0'
Parsing XDC File [a:/Facultate/Labs/SSC/TicTacToe/Hardware/zybo_hdmi.gen/sources_1/bd/hdmi/ip/hdmi_rgb2dvi_0_0/src/rgb2dvi.xdc] for cell 'hdmi_i/hdmi/rgb2dvi_0/U0'
Finished Parsing XDC File [a:/Facultate/Labs/SSC/TicTacToe/Hardware/zybo_hdmi.gen/sources_1/bd/hdmi/ip/hdmi_rgb2dvi_0_0/src/rgb2dvi.xdc] for cell 'hdmi_i/hdmi/rgb2dvi_0/U0'
Parsing XDC File [a:/Facultate/Labs/SSC/TicTacToe/Hardware/zybo_hdmi.gen/sources_1/bd/hdmi/ip/hdmi_rst_ps7_0_100M_0/hdmi_rst_ps7_0_100M_0_board.xdc] for cell 'hdmi_i/rst_ps7_0_100M/U0'
Finished Parsing XDC File [a:/Facultate/Labs/SSC/TicTacToe/Hardware/zybo_hdmi.gen/sources_1/bd/hdmi/ip/hdmi_rst_ps7_0_100M_0/hdmi_rst_ps7_0_100M_0_board.xdc] for cell 'hdmi_i/rst_ps7_0_100M/U0'
Parsing XDC File [a:/Facultate/Labs/SSC/TicTacToe/Hardware/zybo_hdmi.gen/sources_1/bd/hdmi/ip/hdmi_rst_ps7_0_100M_0/hdmi_rst_ps7_0_100M_0.xdc] for cell 'hdmi_i/rst_ps7_0_100M/U0'
Finished Parsing XDC File [a:/Facultate/Labs/SSC/TicTacToe/Hardware/zybo_hdmi.gen/sources_1/bd/hdmi/ip/hdmi_rst_ps7_0_100M_0/hdmi_rst_ps7_0_100M_0.xdc] for cell 'hdmi_i/rst_ps7_0_100M/U0'
Parsing XDC File [a:/Facultate/Labs/SSC/TicTacToe/Hardware/zybo_hdmi.gen/sources_1/bd/hdmi/ip/hdmi_axi_gpio_btn_and_sw_0/hdmi_axi_gpio_btn_and_sw_0_board.xdc] for cell 'hdmi_i/axi_gpio_btn_and_sw/U0'
Finished Parsing XDC File [a:/Facultate/Labs/SSC/TicTacToe/Hardware/zybo_hdmi.gen/sources_1/bd/hdmi/ip/hdmi_axi_gpio_btn_and_sw_0/hdmi_axi_gpio_btn_and_sw_0_board.xdc] for cell 'hdmi_i/axi_gpio_btn_and_sw/U0'
Parsing XDC File [a:/Facultate/Labs/SSC/TicTacToe/Hardware/zybo_hdmi.gen/sources_1/bd/hdmi/ip/hdmi_axi_gpio_btn_and_sw_0/hdmi_axi_gpio_btn_and_sw_0.xdc] for cell 'hdmi_i/axi_gpio_btn_and_sw/U0'
Finished Parsing XDC File [a:/Facultate/Labs/SSC/TicTacToe/Hardware/zybo_hdmi.gen/sources_1/bd/hdmi/ip/hdmi_axi_gpio_btn_and_sw_0/hdmi_axi_gpio_btn_and_sw_0.xdc] for cell 'hdmi_i/axi_gpio_btn_and_sw/U0'
Parsing XDC File [a:/Facultate/Labs/SSC/TicTacToe/Hardware/zybo_hdmi.gen/sources_1/bd/hdmi/ip/hdmi_axi_timer_0_0/hdmi_axi_timer_0_0.xdc] for cell 'hdmi_i/axi_timer_0/U0'
Finished Parsing XDC File [a:/Facultate/Labs/SSC/TicTacToe/Hardware/zybo_hdmi.gen/sources_1/bd/hdmi/ip/hdmi_axi_timer_0_0/hdmi_axi_timer_0_0.xdc] for cell 'hdmi_i/axi_timer_0/U0'
Parsing XDC File [a:/Facultate/Labs/SSC/TicTacToe/Hardware/zybo_hdmi.gen/sources_1/bd/hdmi/ip/hdmi_axi_gpio_0_0/hdmi_axi_gpio_0_0_board.xdc] for cell 'hdmi_i/axi_gpio_input_data/U0'
Finished Parsing XDC File [a:/Facultate/Labs/SSC/TicTacToe/Hardware/zybo_hdmi.gen/sources_1/bd/hdmi/ip/hdmi_axi_gpio_0_0/hdmi_axi_gpio_0_0_board.xdc] for cell 'hdmi_i/axi_gpio_input_data/U0'
Parsing XDC File [a:/Facultate/Labs/SSC/TicTacToe/Hardware/zybo_hdmi.gen/sources_1/bd/hdmi/ip/hdmi_axi_gpio_0_0/hdmi_axi_gpio_0_0.xdc] for cell 'hdmi_i/axi_gpio_input_data/U0'
Finished Parsing XDC File [a:/Facultate/Labs/SSC/TicTacToe/Hardware/zybo_hdmi.gen/sources_1/bd/hdmi/ip/hdmi_axi_gpio_0_0/hdmi_axi_gpio_0_0.xdc] for cell 'hdmi_i/axi_gpio_input_data/U0'
Parsing XDC File [a:/Facultate/Labs/SSC/TicTacToe/Hardware/zybo_hdmi.gen/sources_1/bd/hdmi/ip/hdmi_axi_gpio_0_1/hdmi_axi_gpio_0_1_board.xdc] for cell 'hdmi_i/axi_gpio_output_game_status/U0'
Finished Parsing XDC File [a:/Facultate/Labs/SSC/TicTacToe/Hardware/zybo_hdmi.gen/sources_1/bd/hdmi/ip/hdmi_axi_gpio_0_1/hdmi_axi_gpio_0_1_board.xdc] for cell 'hdmi_i/axi_gpio_output_game_status/U0'
Parsing XDC File [a:/Facultate/Labs/SSC/TicTacToe/Hardware/zybo_hdmi.gen/sources_1/bd/hdmi/ip/hdmi_axi_gpio_0_1/hdmi_axi_gpio_0_1.xdc] for cell 'hdmi_i/axi_gpio_output_game_status/U0'
Finished Parsing XDC File [a:/Facultate/Labs/SSC/TicTacToe/Hardware/zybo_hdmi.gen/sources_1/bd/hdmi/ip/hdmi_axi_gpio_0_1/hdmi_axi_gpio_0_1.xdc] for cell 'hdmi_i/axi_gpio_output_game_status/U0'
Parsing XDC File [A:/Facultate/Labs/SSC/Laboratorul9/Hardware/constrs/zyboz20.xdc]
Finished Parsing XDC File [A:/Facultate/Labs/SSC/Laboratorul9/Hardware/constrs/zyboz20.xdc]
Parsing XDC File [a:/Facultate/Labs/SSC/TicTacToe/Hardware/zybo_hdmi.gen/sources_1/bd/hdmi/ip/hdmi_axi_vdma_0_0/hdmi_axi_vdma_0_0_clocks.xdc] for cell 'hdmi_i/hdmi/axi_vdma_0/U0'
Finished Parsing XDC File [a:/Facultate/Labs/SSC/TicTacToe/Hardware/zybo_hdmi.gen/sources_1/bd/hdmi/ip/hdmi_axi_vdma_0_0/hdmi_axi_vdma_0_0_clocks.xdc] for cell 'hdmi_i/hdmi/axi_vdma_0/U0'
Parsing XDC File [a:/Facultate/Labs/SSC/TicTacToe/Hardware/zybo_hdmi.gen/sources_1/bd/hdmi/ip/hdmi_v_tc_0_0/hdmi_v_tc_0_0_clocks.xdc] for cell 'hdmi_i/hdmi/v_tc_0/U0'
INFO: [Timing 38-35] Done setting XDC timing constraints. [a:/Facultate/Labs/SSC/TicTacToe/Hardware/zybo_hdmi.gen/sources_1/bd/hdmi/ip/hdmi_v_tc_0_0/hdmi_v_tc_0_0_clocks.xdc:2]
INFO: [Timing 38-2] Deriving generated clocks [a:/Facultate/Labs/SSC/TicTacToe/Hardware/zybo_hdmi.gen/sources_1/bd/hdmi/ip/hdmi_v_tc_0_0/hdmi_v_tc_0_0_clocks.xdc:2]
get_clocks: Time (s): cpu = 00:00:07 ; elapsed = 00:00:08 . Memory (MB): peak = 1876.688 ; gain = 583.129
Finished Parsing XDC File [a:/Facultate/Labs/SSC/TicTacToe/Hardware/zybo_hdmi.gen/sources_1/bd/hdmi/ip/hdmi_v_tc_0_0/hdmi_v_tc_0_0_clocks.xdc] for cell 'hdmi_i/hdmi/v_tc_0/U0'
Parsing XDC File [a:/Facultate/Labs/SSC/TicTacToe/Hardware/zybo_hdmi.gen/sources_1/bd/hdmi/ip/hdmi_v_axi4s_vid_out_0_0/hdmi_v_axi4s_vid_out_0_0_clocks.xdc] for cell 'hdmi_i/hdmi/v_axi4s_vid_out_0/inst'
Finished Parsing XDC File [a:/Facultate/Labs/SSC/TicTacToe/Hardware/zybo_hdmi.gen/sources_1/bd/hdmi/ip/hdmi_v_axi4s_vid_out_0_0/hdmi_v_axi4s_vid_out_0_0_clocks.xdc] for cell 'hdmi_i/hdmi/v_axi4s_vid_out_0/inst'
Parsing XDC File [a:/Facultate/Labs/SSC/TicTacToe/Hardware/zybo_hdmi.gen/sources_1/bd/hdmi/ip/hdmi_rgb2dvi_0_0/src/rgb2dvi_clocks.xdc] for cell 'hdmi_i/hdmi/rgb2dvi_0/U0'
Finished Parsing XDC File [a:/Facultate/Labs/SSC/TicTacToe/Hardware/zybo_hdmi.gen/sources_1/bd/hdmi/ip/hdmi_rgb2dvi_0_0/src/rgb2dvi_clocks.xdc] for cell 'hdmi_i/hdmi/rgb2dvi_0/U0'
INFO: [Project 1-1714] 13 XPM XDC files have been applied to the design.
INFO: [Opt 31-138] Pushed 0 inverter(s) to 0 load pin(s).
Netlist sorting complete. Time (s): cpu = 00:00:00 ; elapsed = 00:00:00.008 . Memory (MB): peak = 1876.688 ; gain = 0.000
INFO: [Project 1-111] Unisim Transformation Summary:
  A total of 1 instances were transformed.
  RAM32X1D => RAM32X1D (RAMD32(x2)): 1 instance 

30 Infos, 32 Warnings, 0 Critical Warnings and 0 Errors encountered.
link_design completed successfully
link_design: Time (s): cpu = 00:00:19 ; elapsed = 00:00:26 . Memory (MB): peak = 1876.688 ; gain = 1211.367
Command: opt_design
Attempting to get a license for feature 'Implementation' and/or device 'xc7z020'
INFO: [Common 17-349] Got license for feature 'Implementation' and/or device 'xc7z020'
Running DRC as a precondition to command opt_design

Starting DRC Task
INFO: [DRC 23-27] Running DRC with 2 threads
INFO: [Project 1-461] DRC finished with 0 Errors
INFO: [Project 1-462] Please refer to the DRC report (report_drc) for more information.

Time (s): cpu = 00:00:01 ; elapsed = 00:00:02 . Memory (MB): peak = 1876.688 ; gain = 0.000

Starting Cache Timing Information Task
INFO: [Timing 38-35] Done setting XDC timing constraints.
Ending Cache Timing Information Task | Checksum: 1ddc1f542

Time (s): cpu = 00:00:01 ; elapsed = 00:00:00.411 . Memory (MB): peak = 1876.688 ; gain = 0.000

Starting Logic Optimization Task

Phase 1 Initialization

Phase 1.1 Core Generation And Design Setup
Phase 1.1 Core Generation And Design Setup | Checksum: 1ddc1f542

Time (s): cpu = 00:00:00 ; elapsed = 00:00:00.005 . Memory (MB): peak = 2238.754 ; gain = 0.000

Phase 1.2 Setup Constraints And Sort Netlist
Phase 1.2 Setup Constraints And Sort Netlist | Checksum: 1ddc1f542

Time (s): cpu = 00:00:00 ; elapsed = 00:00:00.018 . Memory (MB): peak = 2238.754 ; gain = 0.000
Phase 1 Initialization | Checksum: 1ddc1f542

Time (s): cpu = 00:00:00 ; elapsed = 00:00:00.020 . Memory (MB): peak = 2238.754 ; gain = 0.000

Phase 2 Timer Update And Timing Data Collection

Phase 2.1 Timer Update
Phase 2.1 Timer Update | Checksum: 1ddc1f542

Time (s): cpu = 00:00:00 ; elapsed = 00:00:00.271 . Memory (MB): peak = 2239.367 ; gain = 0.613

Phase 2.2 Timing Data Collection
Phase 2.2 Timing Data Collection | Checksum: 1ddc1f542

Time (s): cpu = 00:00:00 ; elapsed = 00:00:00.304 . Memory (MB): peak = 2239.367 ; gain = 0.613
Phase 2 Timer Update And Timing Data Collection | Checksum: 1ddc1f542

Time (s): cpu = 00:00:00 ; elapsed = 00:00:00.307 . Memory (MB): peak = 2239.367 ; gain = 0.613

Phase 3 Retarget
INFO: [Opt 31-1834] Total Chains To Be Transformed Were: 0 AND Number of Transformed insts Created are: 0
INFO: [Opt 31-1566] Pulled 4 inverters resulting in an inversion of 28 pins
INFO: [Opt 31-138] Pushed 1 inverter(s) to 2 load pin(s).
INFO: [Opt 31-49] Retargeted 0 cell(s).
Phase 3 Retarget | Checksum: 1f33da6db

Time (s): cpu = 00:00:01 ; elapsed = 00:00:00.618 . Memory (MB): peak = 2239.367 ; gain = 0.613
Retarget | Checksum: 1f33da6db
INFO: [Opt 31-389] Phase Retarget created 270 cells and removed 535 cells
INFO: [Opt 31-1021] In phase Retarget, 67 netlist objects are constrained preventing optimization. Please run opt_design with -debug_log to get more detail. 

Phase 4 Constant propagation
INFO: [Opt 31-138] Pushed 0 inverter(s) to 0 load pin(s).
Phase 4 Constant propagation | Checksum: 27d1e2889

Time (s): cpu = 00:00:01 ; elapsed = 00:00:00.795 . Memory (MB): peak = 2239.367 ; gain = 0.613
Constant propagation | Checksum: 27d1e2889
INFO: [Opt 31-389] Phase Constant propagation created 24 cells and removed 449 cells
INFO: [Opt 31-1021] In phase Constant propagation, 393 netlist objects are constrained preventing optimization. Please run opt_design with -debug_log to get more detail. 

Phase 5 Sweep
Phase 5 Sweep | Checksum: 1fcb13bfa

Time (s): cpu = 00:00:01 ; elapsed = 00:00:01 . Memory (MB): peak = 2239.367 ; gain = 0.613
Sweep | Checksum: 1fcb13bfa
INFO: [Opt 31-389] Phase Sweep created 0 cells and removed 1187 cells
INFO: [Opt 31-1021] In phase Sweep, 66 netlist objects are constrained preventing optimization. Please run opt_design with -debug_log to get more detail. 

Phase 6 BUFG optimization
Phase 6 BUFG optimization | Checksum: 1fcb13bfa

Time (s): cpu = 00:00:01 ; elapsed = 00:00:01 . Memory (MB): peak = 2239.367 ; gain = 0.613
BUFG optimization | Checksum: 1fcb13bfa
INFO: [Opt 31-662] Phase BUFG optimization created 0 cells of which 0 are BUFGs and removed 0 cells.

Phase 7 Shift Register Optimization
INFO: [Opt 31-1064] SRL Remap converted 0 SRLs to 0 registers and converted 0 registers of register chains to 0 SRLs
Phase 7 Shift Register Optimization | Checksum: 1fcb13bfa

Time (s): cpu = 00:00:01 ; elapsed = 00:00:01 . Memory (MB): peak = 2239.367 ; gain = 0.613
Shift Register Optimization | Checksum: 1fcb13bfa
INFO: [Opt 31-389] Phase Shift Register Optimization created 0 cells and removed 0 cells

Phase 8 Post Processing Netlist
Phase 8 Post Processing Netlist | Checksum: 2803f9c1d

Time (s): cpu = 00:00:01 ; elapsed = 00:00:01 . Memory (MB): peak = 2239.367 ; gain = 0.613
Post Processing Netlist | Checksum: 2803f9c1d
INFO: [Opt 31-389] Phase Post Processing Netlist created 0 cells and removed 0 cells
INFO: [Opt 31-1021] In phase Post Processing Netlist, 11 netlist objects are constrained preventing optimization. Please run opt_design with -debug_log to get more detail. 

Phase 9 Finalization

Phase 9.1 Finalizing Design Cores and Updating Shapes
Phase 9.1 Finalizing Design Cores and Updating Shapes | Checksum: 2266d8f11

Time (s): cpu = 00:00:02 ; elapsed = 00:00:02 . Memory (MB): peak = 2239.367 ; gain = 0.613

Phase 9.2 Verifying Netlist Connectivity

Starting Connectivity Check Task

Time (s): cpu = 00:00:00 ; elapsed = 00:00:00.023 . Memory (MB): peak = 2239.367 ; gain = 0.000
Phase 9.2 Verifying Netlist Connectivity | Checksum: 2266d8f11

Time (s): cpu = 00:00:02 ; elapsed = 00:00:02 . Memory (MB): peak = 2239.367 ; gain = 0.613
Phase 9 Finalization | Checksum: 2266d8f11

Time (s): cpu = 00:00:02 ; elapsed = 00:00:02 . Memory (MB): peak = 2239.367 ; gain = 0.613
Opt_design Change Summary
=========================


-------------------------------------------------------------------------------------------------------------------------
|  Phase                        |  #Cells created  |  #Cells Removed  |  #Constrained objects preventing optimizations  |
-------------------------------------------------------------------------------------------------------------------------
|  Retarget                     |             270  |             535  |                                             67  |
|  Constant propagation         |              24  |             449  |                                            393  |
|  Sweep                        |               0  |            1187  |                                             66  |
|  BUFG optimization            |               0  |               0  |                                              0  |
|  Shift Register Optimization  |               0  |               0  |                                              0  |
|  Post Processing Netlist      |               0  |               0  |                                             11  |
-------------------------------------------------------------------------------------------------------------------------


Ending Logic Optimization Task | Checksum: 2266d8f11

Time (s): cpu = 00:00:02 ; elapsed = 00:00:02 . Memory (MB): peak = 2239.367 ; gain = 0.613

Starting Power Optimization Task
INFO: [Pwropt 34-132] Skipping clock gating for clocks with a period < 2.00 ns.
INFO: [Pwropt 34-9] Applying IDT optimizations ...
INFO: [Pwropt 34-10] Applying ODC optimizations ...
INFO: [Timing 38-35] Done setting XDC timing constraints.
Running Vector-less Activity Propagation...

Finished Running Vector-less Activity Propagation


Starting PowerOpt Patch Enables Task
INFO: [Pwropt 34-162] WRITE_MODE attribute of 0 BRAM(s) out of a total of 6 has been updated to save power. Run report_power_opt to get a complete listing of the BRAMs updated.
INFO: [Pwropt 34-201] Structural ODC has moved 0 WE to EN ports
Number of BRAM Ports augmented: 3 newly gated: 0 Total Ports: 12
Ending PowerOpt Patch Enables Task | Checksum: 1fba42935

Time (s): cpu = 00:00:00 ; elapsed = 00:00:00.058 . Memory (MB): peak = 2415.668 ; gain = 0.000
Ending Power Optimization Task | Checksum: 1fba42935

Time (s): cpu = 00:00:04 ; elapsed = 00:00:02 . Memory (MB): peak = 2415.668 ; gain = 176.301

Starting Final Cleanup Task
Ending Final Cleanup Task | Checksum: 1fba42935

Time (s): cpu = 00:00:00 ; elapsed = 00:00:00.003 . Memory (MB): peak = 2415.668 ; gain = 0.000

Starting Netlist Obfuscation Task
Netlist sorting complete. Time (s): cpu = 00:00:00 ; elapsed = 00:00:00.009 . Memory (MB): peak = 2415.668 ; gain = 0.000
Ending Netlist Obfuscation Task | Checksum: 283c78b19

Time (s): cpu = 00:00:00 ; elapsed = 00:00:00.012 . Memory (MB): peak = 2415.668 ; gain = 0.000
INFO: [Common 17-83] Releasing license: Implementation
58 Infos, 32 Warnings, 0 Critical Warnings and 0 Errors encountered.
opt_design completed successfully
opt_design: Time (s): cpu = 00:00:11 ; elapsed = 00:00:09 . Memory (MB): peak = 2415.668 ; gain = 538.980
INFO: [Vivado 12-24828] Executing command : report_drc -file hdmi_wrapper_drc_opted.rpt -pb hdmi_wrapper_drc_opted.pb -rpx hdmi_wrapper_drc_opted.rpx
Command: report_drc -file hdmi_wrapper_drc_opted.rpt -pb hdmi_wrapper_drc_opted.pb -rpx hdmi_wrapper_drc_opted.rpx
INFO: [IP_Flow 19-1839] IP Catalog is up to date.
INFO: [DRC 23-27] Running DRC with 2 threads
INFO: [Vivado_Tcl 2-168] The results of DRC are in file A:/Facultate/Labs/SSC/TicTacToe/Hardware/zybo_hdmi.runs/impl_1/hdmi_wrapper_drc_opted.rpt.
report_drc completed successfully
INFO: [Timing 38-35] Done setting XDC timing constraints.
INFO: [Timing 38-480] Writing timing data to binary archive.
Write ShapeDB Complete: Time (s): cpu = 00:00:00 ; elapsed = 00:00:00.043 . Memory (MB): peak = 2415.668 ; gain = 0.000
Wrote PlaceDB: Time (s): cpu = 00:00:00 ; elapsed = 00:00:00.049 . Memory (MB): peak = 2415.668 ; gain = 0.000
Wrote PulsedLatchDB: Time (s): cpu = 00:00:00 ; elapsed = 00:00:00 . Memory (MB): peak = 2415.668 ; gain = 0.000
Writing XDEF routing.
Writing XDEF routing logical nets.
Writing XDEF routing special nets.
Wrote RouteStorage: Time (s): cpu = 00:00:00 ; elapsed = 00:00:00.073 . Memory (MB): peak = 2415.668 ; gain = 0.000
Wrote Netlist Cache: Time (s): cpu = 00:00:00 ; elapsed = 00:00:00 . Memory (MB): peak = 2415.668 ; gain = 0.000
Wrote Device Cache: Time (s): cpu = 00:00:00 ; elapsed = 00:00:00.014 . Memory (MB): peak = 2415.668 ; gain = 0.000
Write Physdb Complete: Time (s): cpu = 00:00:01 ; elapsed = 00:00:00.146 . Memory (MB): peak = 2415.668 ; gain = 0.000
INFO: [Common 17-1381] The checkpoint 'A:/Facultate/Labs/SSC/TicTacToe/Hardware/zybo_hdmi.runs/impl_1/hdmi_wrapper_opt.dcp' has been generated.
Command: place_design
Attempting to get a license for feature 'Implementation' and/or device 'xc7z020'
INFO: [Common 17-349] Got license for feature 'Implementation' and/or device 'xc7z020'
INFO: [Common 17-83] Releasing license: Implementation
INFO: [DRC 23-27] Running DRC with 2 threads
INFO: [Vivado_Tcl 4-198] DRC finished with 0 Errors
INFO: [Vivado_Tcl 4-199] Please refer to the DRC report (report_drc) for more information.
Running DRC as a precondition to command place_design
INFO: [DRC 23-27] Running DRC with 2 threads
INFO: [Vivado_Tcl 4-198] DRC finished with 0 Errors, 8 Warnings
INFO: [Vivado_Tcl 4-199] Please refer to the DRC report (report_drc) for more information.
INFO: [Place 30-611] Multithreading enabled for place_design using a maximum of 2 CPUs

Starting Placer Task

Phase 1 Placer Initialization

Phase 1.1 Placer Initialization Netlist Sorting
Netlist sorting complete. Time (s): cpu = 00:00:00 ; elapsed = 00:00:00.006 . Memory (MB): peak = 2415.668 ; gain = 0.000
Phase 1.1 Placer Initialization Netlist Sorting | Checksum: 19354886e

Time (s): cpu = 00:00:00 ; elapsed = 00:00:00.024 . Memory (MB): peak = 2415.668 ; gain = 0.000
Netlist sorting complete. Time (s): cpu = 00:00:00 ; elapsed = 00:00:00.006 . Memory (MB): peak = 2415.668 ; gain = 0.000

Phase 1.2 IO Placement/ Clock Placement/ Build Placer Device
Phase 1.2 IO Placement/ Clock Placement/ Build Placer Device | Checksum: 152cec7a5

Time (s): cpu = 00:00:01 ; elapsed = 00:00:00.932 . Memory (MB): peak = 2415.668 ; gain = 0.000

Phase 1.3 Build Placer Netlist Model
Phase 1.3 Build Placer Netlist Model | Checksum: 1dd002d79

Time (s): cpu = 00:00:03 ; elapsed = 00:00:02 . Memory (MB): peak = 2415.668 ; gain = 0.000

Phase 1.4 Constrain Clocks/Macros
Phase 1.4 Constrain Clocks/Macros | Checksum: 1dd002d79

Time (s): cpu = 00:00:03 ; elapsed = 00:00:02 . Memory (MB): peak = 2415.668 ; gain = 0.000
Phase 1 Placer Initialization | Checksum: 1dd002d79

Time (s): cpu = 00:00:03 ; elapsed = 00:00:03 . Memory (MB): peak = 2415.668 ; gain = 0.000

Phase 2 Global Placement

Phase 2.1 Floorplanning
Phase 2.1 Floorplanning | Checksum: 1699eaa7b

Time (s): cpu = 00:00:04 ; elapsed = 00:00:03 . Memory (MB): peak = 2415.668 ; gain = 0.000

Phase 2.2 Update Timing before SLR Path Opt
Phase 2.2 Update Timing before SLR Path Opt | Checksum: 2211c249a

Time (s): cpu = 00:00:04 ; elapsed = 00:00:03 . Memory (MB): peak = 2415.668 ; gain = 0.000

Phase 2.3 Post-Processing in Floorplanning
Phase 2.3 Post-Processing in Floorplanning | Checksum: 2211c249a

Time (s): cpu = 00:00:04 ; elapsed = 00:00:03 . Memory (MB): peak = 2415.668 ; gain = 0.000

Phase 2.4 Global Placement Core

Phase 2.4.1 UpdateTiming Before Physical Synthesis
Phase 2.4.1 UpdateTiming Before Physical Synthesis | Checksum: 174adf390

Time (s): cpu = 00:00:10 ; elapsed = 00:00:07 . Memory (MB): peak = 2415.668 ; gain = 0.000

Phase 2.4.2 Physical Synthesis In Placer
INFO: [Physopt 32-1035] Found 0 LUTNM shape to break, 321 LUT instances to create LUTNM shape
INFO: [Physopt 32-1044] Break lutnm for timing: one critical 0, two critical 0, total 0, new lutff created 0
INFO: [Physopt 32-1138] End 1 Pass. Optimized 123 nets or LUTs. Breaked 0 LUT, combined 123 existing LUTs and moved 0 existing LUT
INFO: [Physopt 32-65] No nets found for high-fanout optimization.
INFO: [Physopt 32-232] Optimized 0 net. Created 0 new instance.
INFO: [Physopt 32-775] End 1 Pass. Optimized 0 net or cell. Created 0 new cell, deleted 0 existing cell and moved 0 existing cell
INFO: [Physopt 32-670] No setup violation found.  DSP Register Optimization was not performed.
INFO: [Physopt 32-670] No setup violation found.  Shift Register to Pipeline Optimization was not performed.
INFO: [Physopt 32-670] No setup violation found.  Shift Register Optimization was not performed.
INFO: [Physopt 32-670] No setup violation found.  BRAM Register Optimization was not performed.
INFO: [Physopt 32-670] No setup violation found.  URAM Register Optimization was not performed.
INFO: [Physopt 32-949] No candidate nets found for dynamic/static region interface net replication
INFO: [Physopt 32-775] End 1 Pass. Optimized 0 net or cell. Created 0 new cell, deleted 0 existing cell and moved 0 existing cell
Netlist sorting complete. Time (s): cpu = 00:00:00 ; elapsed = 00:00:00.007 . Memory (MB): peak = 2415.668 ; gain = 0.000

Summary of Physical Synthesis Optimizations
============================================


-----------------------------------------------------------------------------------------------------------------------------------------------------------
|  Optimization                                     |  Added Cells  |  Removed Cells  |  Optimized Cells/Nets  |  Dont Touch  |  Iterations  |  Elapsed   |
-----------------------------------------------------------------------------------------------------------------------------------------------------------
|  LUT Combining                                    |            0  |            123  |                   123  |           0  |           1  |  00:00:00  |
|  Retime                                           |            0  |              0  |                     0  |           0  |           1  |  00:00:00  |
|  Very High Fanout                                 |            0  |              0  |                     0  |           0  |           1  |  00:00:00  |
|  DSP Register                                     |            0  |              0  |                     0  |           0  |           0  |  00:00:00  |
|  Shift Register to Pipeline                       |            0  |              0  |                     0  |           0  |           0  |  00:00:00  |
|  Shift Register                                   |            0  |              0  |                     0  |           0  |           0  |  00:00:00  |
|  BRAM Register                                    |            0  |              0  |                     0  |           0  |           0  |  00:00:00  |
|  URAM Register                                    |            0  |              0  |                     0  |           0  |           0  |  00:00:00  |
|  Dynamic/Static Region Interface Net Replication  |            0  |              0  |                     0  |           0  |           1  |  00:00:00  |
|  Total                                            |            0  |            123  |                   123  |           0  |           4  |  00:00:00  |
-----------------------------------------------------------------------------------------------------------------------------------------------------------


Phase 2.4.2 Physical Synthesis In Placer | Checksum: 1945a2682

Time (s): cpu = 00:00:11 ; elapsed = 00:00:08 . Memory (MB): peak = 2415.668 ; gain = 0.000
Phase 2.4 Global Placement Core | Checksum: 1b35e0ed1

Time (s): cpu = 00:00:12 ; elapsed = 00:00:08 . Memory (MB): peak = 2415.668 ; gain = 0.000
Phase 2 Global Placement | Checksum: 1b35e0ed1

Time (s): cpu = 00:00:12 ; elapsed = 00:00:08 . Memory (MB): peak = 2415.668 ; gain = 0.000

Phase 3 Detail Placement

Phase 3.1 Commit Multi Column Macros
Phase 3.1 Commit Multi Column Macros | Checksum: 20b57107e

Time (s): cpu = 00:00:12 ; elapsed = 00:00:09 . Memory (MB): peak = 2415.668 ; gain = 0.000

Phase 3.2 Commit Most Macros & LUTRAMs
Phase 3.2 Commit Most Macros & LUTRAMs | Checksum: 155fdefe6

Time (s): cpu = 00:00:13 ; elapsed = 00:00:09 . Memory (MB): peak = 2415.668 ; gain = 0.000

Phase 3.3 Area Swap Optimization
Phase 3.3 Area Swap Optimization | Checksum: 10e36c850

Time (s): cpu = 00:00:13 ; elapsed = 00:00:09 . Memory (MB): peak = 2415.668 ; gain = 0.000

Phase 3.4 Pipeline Register Optimization
Phase 3.4 Pipeline Register Optimization | Checksum: 124517496

Time (s): cpu = 00:00:13 ; elapsed = 00:00:09 . Memory (MB): peak = 2415.668 ; gain = 0.000

Phase 3.5 Small Shape Detail Placement
Phase 3.5 Small Shape Detail Placement | Checksum: 125f91453

Time (s): cpu = 00:00:16 ; elapsed = 00:00:13 . Memory (MB): peak = 2415.668 ; gain = 0.000

Phase 3.6 Re-assign LUT pins
Phase 3.6 Re-assign LUT pins | Checksum: 1e33f0fa1

Time (s): cpu = 00:00:17 ; elapsed = 00:00:13 . Memory (MB): peak = 2415.668 ; gain = 0.000

Phase 3.7 Pipeline Register Optimization
Phase 3.7 Pipeline Register Optimization | Checksum: 1ba730a18

Time (s): cpu = 00:00:17 ; elapsed = 00:00:13 . Memory (MB): peak = 2415.668 ; gain = 0.000
Phase 3 Detail Placement | Checksum: 1ba730a18

Time (s): cpu = 00:00:17 ; elapsed = 00:00:13 . Memory (MB): peak = 2415.668 ; gain = 0.000

Phase 4 Post Placement Optimization and Clean-Up

Phase 4.1 Post Commit Optimization
INFO: [Timing 38-35] Done setting XDC timing constraints.

Phase 4.1.1 Post Placement Optimization
Post Placement Optimization Initialization | Checksum: 925e37ce

Phase 4.1.1.1 BUFG Insertion

Starting Physical Synthesis Task

Phase 1 Physical Synthesis Initialization
INFO: [Physopt 32-721] Multithreading enabled for phys_opt_design using a maximum of 2 CPUs
INFO: [Physopt 32-619] Estimated Timing Summary | WNS=2.050 | TNS=0.000 |
Phase 1 Physical Synthesis Initialization | Checksum: 14323203d

Time (s): cpu = 00:00:01 ; elapsed = 00:00:00.452 . Memory (MB): peak = 2415.668 ; gain = 0.000
INFO: [Place 46-56] BUFG insertion identified 0 candidate nets. Inserted BUFG: 0, Replicated BUFG Driver: 0, Skipped due to Placement/Routing Conflicts: 0, Skipped due to Timing Degradation: 0, Skipped due to netlist editing failed: 0.
Ending Physical Synthesis Task | Checksum: 16bdd2da6

Time (s): cpu = 00:00:01 ; elapsed = 00:00:00.573 . Memory (MB): peak = 2415.668 ; gain = 0.000
Phase 4.1.1.1 BUFG Insertion | Checksum: 925e37ce

Time (s): cpu = 00:00:20 ; elapsed = 00:00:16 . Memory (MB): peak = 2415.668 ; gain = 0.000

Phase 4.1.1.2 Post Placement Timing Optimization
INFO: [Place 30-746] Post Placement Timing Summary WNS=2.050. For the most accurate timing information please run report_timing.
Phase 4.1.1.2 Post Placement Timing Optimization | Checksum: 1275b285e

Time (s): cpu = 00:00:20 ; elapsed = 00:00:16 . Memory (MB): peak = 2415.668 ; gain = 0.000

Time (s): cpu = 00:00:20 ; elapsed = 00:00:16 . Memory (MB): peak = 2415.668 ; gain = 0.000
Phase 4.1 Post Commit Optimization | Checksum: 1275b285e

Time (s): cpu = 00:00:21 ; elapsed = 00:00:16 . Memory (MB): peak = 2415.668 ; gain = 0.000

Phase 4.2 Post Placement Cleanup
Phase 4.2 Post Placement Cleanup | Checksum: 1275b285e

Time (s): cpu = 00:00:21 ; elapsed = 00:00:16 . Memory (MB): peak = 2415.668 ; gain = 0.000

Phase 4.3 Placer Reporting

Phase 4.3.1 Print Estimated Congestion
INFO: [Place 30-612] Post-Placement Estimated Congestion 
 ____________________________________________________
|           | Global Congestion | Short Congestion  |
| Direction | Region Size       | Region Size       |
|___________|___________________|___________________|
|      North|                1x1|                1x1|
|___________|___________________|___________________|
|      South|                1x1|                1x1|
|___________|___________________|___________________|
|       East|                1x1|                1x1|
|___________|___________________|___________________|
|       West|                1x1|                1x1|
|___________|___________________|___________________|

Phase 4.3.1 Print Estimated Congestion | Checksum: 1275b285e

Time (s): cpu = 00:00:21 ; elapsed = 00:00:16 . Memory (MB): peak = 2415.668 ; gain = 0.000
Phase 4.3 Placer Reporting | Checksum: 1275b285e

Time (s): cpu = 00:00:21 ; elapsed = 00:00:16 . Memory (MB): peak = 2415.668 ; gain = 0.000

Phase 4.4 Final Placement Cleanup
Netlist sorting complete. Time (s): cpu = 00:00:00 ; elapsed = 00:00:00.003 . Memory (MB): peak = 2415.668 ; gain = 0.000

Time (s): cpu = 00:00:21 ; elapsed = 00:00:16 . Memory (MB): peak = 2415.668 ; gain = 0.000
Phase 4 Post Placement Optimization and Clean-Up | Checksum: 13e289be8

Time (s): cpu = 00:00:21 ; elapsed = 00:00:16 . Memory (MB): peak = 2415.668 ; gain = 0.000
Ending Placer Task | Checksum: 92379e85

Time (s): cpu = 00:00:21 ; elapsed = 00:00:16 . Memory (MB): peak = 2415.668 ; gain = 0.000
93 Infos, 32 Warnings, 0 Critical Warnings and 0 Errors encountered.
place_design completed successfully
place_design: Time (s): cpu = 00:00:25 ; elapsed = 00:00:18 . Memory (MB): peak = 2415.668 ; gain = 0.000
INFO: [Vivado 12-24838] Running report commands "report_control_sets, report_io, report_utilization" in parallel.
Running report generation with 2 threads.
INFO: [Vivado 12-24828] Executing command : report_io -file hdmi_wrapper_io_placed.rpt
report_io: Time (s): cpu = 00:00:00 ; elapsed = 00:00:00.064 . Memory (MB): peak = 2415.668 ; gain = 0.000
INFO: [Vivado 12-24828] Executing command : report_control_sets -verbose -file hdmi_wrapper_control_sets_placed.rpt
report_control_sets: Time (s): cpu = 00:00:00 ; elapsed = 00:00:00.026 . Memory (MB): peak = 2415.668 ; gain = 0.000
INFO: [Vivado 12-24828] Executing command : report_utilization -file hdmi_wrapper_utilization_placed.rpt -pb hdmi_wrapper_utilization_placed.pb
INFO: [Timing 38-480] Writing timing data to binary archive.
Write ShapeDB Complete: Time (s): cpu = 00:00:00 ; elapsed = 00:00:00.072 . Memory (MB): peak = 2415.668 ; gain = 0.000
Wrote PlaceDB: Time (s): cpu = 00:00:02 ; elapsed = 00:00:00.698 . Memory (MB): peak = 2415.668 ; gain = 0.000
Wrote PulsedLatchDB: Time (s): cpu = 00:00:00 ; elapsed = 00:00:00 . Memory (MB): peak = 2415.668 ; gain = 0.000
Writing XDEF routing.
Writing XDEF routing logical nets.
Writing XDEF routing special nets.
Wrote RouteStorage: Time (s): cpu = 00:00:00 ; elapsed = 00:00:00.034 . Memory (MB): peak = 2415.668 ; gain = 0.000
Wrote Netlist Cache: Time (s): cpu = 00:00:00 ; elapsed = 00:00:00.013 . Memory (MB): peak = 2415.668 ; gain = 0.000
Wrote Device Cache: Time (s): cpu = 00:00:00 ; elapsed = 00:00:00.010 . Memory (MB): peak = 2415.668 ; gain = 0.000
Write Physdb Complete: Time (s): cpu = 00:00:02 ; elapsed = 00:00:00.764 . Memory (MB): peak = 2415.668 ; gain = 0.000
INFO: [Common 17-1381] The checkpoint 'A:/Facultate/Labs/SSC/TicTacToe/Hardware/zybo_hdmi.runs/impl_1/hdmi_wrapper_placed.dcp' has been generated.
Command: phys_opt_design
Attempting to get a license for feature 'Implementation' and/or device 'xc7z020'
INFO: [Common 17-349] Got license for feature 'Implementation' and/or device 'xc7z020'

Starting Initial Update Timing Task

Time (s): cpu = 00:00:02 ; elapsed = 00:00:01 . Memory (MB): peak = 2415.668 ; gain = 0.000
INFO: [Vivado_Tcl 4-2279] Estimated Timing Summary | WNS= 2.050 | TNS= 0.000 | 
INFO: [Vivado_Tcl 4-383] Design worst setup slack (WNS) is greater than or equal to 0.000 ns. All physical synthesis setup optimizations will be skipped.
INFO: [Vivado_Tcl 4-232] No setup violation found. The netlist was not modified.
INFO: [Common 17-83] Releasing license: Implementation
104 Infos, 32 Warnings, 0 Critical Warnings and 0 Errors encountered.
phys_opt_design completed successfully
INFO: [Timing 38-480] Writing timing data to binary archive.
Write ShapeDB Complete: Time (s): cpu = 00:00:00 ; elapsed = 00:00:00.068 . Memory (MB): peak = 2415.668 ; gain = 0.000
Wrote PlaceDB: Time (s): cpu = 00:00:02 ; elapsed = 00:00:00.768 . Memory (MB): peak = 2415.668 ; gain = 0.000
Wrote PulsedLatchDB: Time (s): cpu = 00:00:00 ; elapsed = 00:00:00 . Memory (MB): peak = 2415.668 ; gain = 0.000
Writing XDEF routing.
Writing XDEF routing logical nets.
Writing XDEF routing special nets.
Wrote RouteStorage: Time (s): cpu = 00:00:00 ; elapsed = 00:00:00.036 . Memory (MB): peak = 2415.668 ; gain = 0.000
Wrote Netlist Cache: Time (s): cpu = 00:00:00 ; elapsed = 00:00:00.014 . Memory (MB): peak = 2415.668 ; gain = 0.000
Wrote Device Cache: Time (s): cpu = 00:00:00 ; elapsed = 00:00:00.010 . Memory (MB): peak = 2415.668 ; gain = 0.000
Write Physdb Complete: Time (s): cpu = 00:00:02 ; elapsed = 00:00:00.836 . Memory (MB): peak = 2415.668 ; gain = 0.000
INFO: [Common 17-1381] The checkpoint 'A:/Facultate/Labs/SSC/TicTacToe/Hardware/zybo_hdmi.runs/impl_1/hdmi_wrapper_physopt.dcp' has been generated.
Command: route_design
Attempting to get a license for feature 'Implementation' and/or device 'xc7z020'
INFO: [Common 17-349] Got license for feature 'Implementation' and/or device 'xc7z020'
Running DRC as a precondition to command route_design
INFO: [DRC 23-27] Running DRC with 2 threads
INFO: [Vivado_Tcl 4-198] DRC finished with 0 Errors
INFO: [Vivado_Tcl 4-199] Please refer to the DRC report (report_drc) for more information.


Starting Routing Task
INFO: [Route 35-254] Multithreading enabled for route_design using a maximum of 8 CPUs

Phase 1 Build RT Design
Checksum: PlaceDB: 29b4a74c ConstDB: 0 ShapeSum: 52898449 RouteDB: 15f972f0
Post Restoration Checksum: NetGraph: 3424ed6b | NumContArr: 22caaac2 | Constraints: c2a8fa9d | Timing: c2a8fa9d
Phase 1 Build RT Design | Checksum: 1dc418d67

Time (s): cpu = 00:00:27 ; elapsed = 00:00:23 . Memory (MB): peak = 2524.168 ; gain = 108.500

Phase 2 Router Initialization

Phase 2.1 Fix Topology Constraints
Phase 2.1 Fix Topology Constraints | Checksum: 1dc418d67

Time (s): cpu = 00:00:27 ; elapsed = 00:00:24 . Memory (MB): peak = 2524.168 ; gain = 108.500

Phase 2.2 Pre Route Cleanup
Phase 2.2 Pre Route Cleanup | Checksum: 1dc418d67

Time (s): cpu = 00:00:27 ; elapsed = 00:00:24 . Memory (MB): peak = 2524.168 ; gain = 108.500
 Number of Nodes with overlaps = 0

Phase 2.3 Update Timing
Phase 2.3 Update Timing | Checksum: 1d35ba586

Time (s): cpu = 00:00:31 ; elapsed = 00:00:26 . Memory (MB): peak = 2553.496 ; gain = 137.828
INFO: [Route 35-416] Intermediate Timing Summary | WNS=2.069  | TNS=0.000  | WHS=-0.248 | THS=-89.724|


Phase 2.4 Update Timing for Bus Skew

Phase 2.4.1 Update Timing
Phase 2.4.1 Update Timing | Checksum: 1b264f8a6

Time (s): cpu = 00:00:33 ; elapsed = 00:00:27 . Memory (MB): peak = 2553.496 ; gain = 137.828
INFO: [Route 35-416] Intermediate Timing Summary | WNS=2.069  | TNS=0.000  | WHS=-0.249 | THS=-5.854 |

Phase 2.4 Update Timing for Bus Skew | Checksum: 19a1e3c58

Time (s): cpu = 00:00:33 ; elapsed = 00:00:27 . Memory (MB): peak = 2553.496 ; gain = 137.828

Router Utilization Summary
  Global Vertical Routing Utilization    = 0.00222636 %
  Global Horizontal Routing Utilization  = 0.00025355 %
  Routable Net Status*
  *Does not include unroutable nets such as driverless and loadless.
  Run report_route_status for detailed report.
  Number of Failed Nets               = 8791
    (Failed Nets is the sum of unrouted and partially routed nets)
  Number of Unrouted Nets             = 8790
  Number of Partially Routed Nets     = 1
  Number of Node Overlaps             = 0

Phase 2 Router Initialization | Checksum: 1a0eb8f3b

Time (s): cpu = 00:00:34 ; elapsed = 00:00:27 . Memory (MB): peak = 2592.645 ; gain = 176.977

Phase 3 Global Routing
Phase 3 Global Routing | Checksum: 1a0eb8f3b

Time (s): cpu = 00:00:34 ; elapsed = 00:00:27 . Memory (MB): peak = 2592.645 ; gain = 176.977

Phase 4 Initial Routing

Phase 4.1 Initial Net Routing Pass
Phase 4.1 Initial Net Routing Pass | Checksum: 2082f0eb9

Time (s): cpu = 00:00:37 ; elapsed = 00:00:28 . Memory (MB): peak = 2592.645 ; gain = 176.977
Phase 4 Initial Routing | Checksum: 2082f0eb9

Time (s): cpu = 00:00:37 ; elapsed = 00:00:28 . Memory (MB): peak = 2592.645 ; gain = 176.977

Phase 5 Rip-up And Reroute

Phase 5.1 Global Iteration 0
 Number of Nodes with overlaps = 540
 Number of Nodes with overlaps = 12
 Number of Nodes with overlaps = 1
 Number of Nodes with overlaps = 0
INFO: [Route 35-416] Intermediate Timing Summary | WNS=1.443  | TNS=0.000  | WHS=N/A    | THS=N/A    |

Phase 5.1 Global Iteration 0 | Checksum: 2819acecc

Time (s): cpu = 00:00:43 ; elapsed = 00:00:30 . Memory (MB): peak = 2592.645 ; gain = 176.977

Phase 5.2 Global Iteration 1
 Number of Nodes with overlaps = 0
INFO: [Route 35-416] Intermediate Timing Summary | WNS=1.443  | TNS=0.000  | WHS=N/A    | THS=N/A    |

Phase 5.2 Global Iteration 1 | Checksum: 1f08802c9

Time (s): cpu = 00:00:44 ; elapsed = 00:00:31 . Memory (MB): peak = 2592.645 ; gain = 176.977
Phase 5 Rip-up And Reroute | Checksum: 1f08802c9

Time (s): cpu = 00:00:44 ; elapsed = 00:00:31 . Memory (MB): peak = 2592.645 ; gain = 176.977

Phase 6 Delay and Skew Optimization

Phase 6.1 Delay CleanUp

Phase 6.1.1 Update Timing
Phase 6.1.1 Update Timing | Checksum: 1fb79bd59

Time (s): cpu = 00:00:44 ; elapsed = 00:00:31 . Memory (MB): peak = 2592.645 ; gain = 176.977
INFO: [Route 35-416] Intermediate Timing Summary | WNS=1.443  | TNS=0.000  | WHS=N/A    | THS=N/A    |

Phase 6.1 Delay CleanUp | Checksum: 232f74c21

Time (s): cpu = 00:00:44 ; elapsed = 00:00:31 . Memory (MB): peak = 2592.645 ; gain = 176.977

Phase 6.2 Clock Skew Optimization
Phase 6.2 Clock Skew Optimization | Checksum: 232f74c21

Time (s): cpu = 00:00:44 ; elapsed = 00:00:31 . Memory (MB): peak = 2592.645 ; gain = 176.977
Phase 6 Delay and Skew Optimization | Checksum: 232f74c21

Time (s): cpu = 00:00:45 ; elapsed = 00:00:31 . Memory (MB): peak = 2592.645 ; gain = 176.977

Phase 7 Post Hold Fix

Phase 7.1 Hold Fix Iter
INFO: [Route 35-416] Intermediate Timing Summary | WNS=1.443  | TNS=0.000  | WHS=0.053  | THS=0.000  |

Phase 7.1 Hold Fix Iter | Checksum: 1a547467d

Time (s): cpu = 00:00:46 ; elapsed = 00:00:32 . Memory (MB): peak = 2592.645 ; gain = 176.977
Phase 7 Post Hold Fix | Checksum: 1a547467d

Time (s): cpu = 00:00:46 ; elapsed = 00:00:32 . Memory (MB): peak = 2592.645 ; gain = 176.977

Phase 8 Route finalize

Router Utilization Summary
  Global Vertical Routing Utilization    = 1.58279 %
  Global Horizontal Routing Utilization  = 1.94329 %
  Routable Net Status*
  *Does not include unroutable nets such as driverless and loadless.
  Run report_route_status for detailed report.
  Number of Failed Nets               = 0
    (Failed Nets is the sum of unrouted and partially routed nets)
  Number of Unrouted Nets             = 0
  Number of Partially Routed Nets     = 0
  Number of Node Overlaps             = 0

Phase 8 Route finalize | Checksum: 1a547467d

Time (s): cpu = 00:00:46 ; elapsed = 00:00:32 . Memory (MB): peak = 2592.645 ; gain = 176.977

Phase 9 Verifying routed nets

 Verification completed successfully
Phase 9 Verifying routed nets | Checksum: 1a547467d

Time (s): cpu = 00:00:46 ; elapsed = 00:00:32 . Memory (MB): peak = 2592.645 ; gain = 176.977

Phase 10 Depositing Routes
Phase 10 Depositing Routes | Checksum: 221b5003a

Time (s): cpu = 00:00:47 ; elapsed = 00:00:32 . Memory (MB): peak = 2592.645 ; gain = 176.977

Phase 11 Post Process Routing
Phase 11 Post Process Routing | Checksum: 221b5003a

Time (s): cpu = 00:00:47 ; elapsed = 00:00:32 . Memory (MB): peak = 2592.645 ; gain = 176.977

Phase 12 Post Router Timing
INFO: [Route 35-57] Estimated Timing Summary | WNS=1.443  | TNS=0.000  | WHS=0.053  | THS=0.000  |

INFO: [Route 35-327] The final timing numbers are based on the router estimated timing analysis. For a complete and accurate timing signoff, please run report_timing_summary.
Phase 12 Post Router Timing | Checksum: 221b5003a

Time (s): cpu = 00:00:47 ; elapsed = 00:00:32 . Memory (MB): peak = 2592.645 ; gain = 176.977
Total Elapsed time in route_design: 32.192 secs

Phase 13 Post-Route Event Processing
Phase 13 Post-Route Event Processing | Checksum: 1a5f5091e

Time (s): cpu = 00:00:47 ; elapsed = 00:00:32 . Memory (MB): peak = 2592.645 ; gain = 176.977
INFO: [Route 35-16] Router Completed Successfully
Ending Routing Task | Checksum: 1a5f5091e

Time (s): cpu = 00:00:47 ; elapsed = 00:00:32 . Memory (MB): peak = 2592.645 ; gain = 176.977

Routing Is Done.
INFO: [Common 17-83] Releasing license: Implementation
121 Infos, 32 Warnings, 0 Critical Warnings and 0 Errors encountered.
route_design completed successfully
route_design: Time (s): cpu = 00:00:50 ; elapsed = 00:00:34 . Memory (MB): peak = 2592.645 ; gain = 176.977
INFO: [Vivado 12-24828] Executing command : report_drc -file hdmi_wrapper_drc_routed.rpt -pb hdmi_wrapper_drc_routed.pb -rpx hdmi_wrapper_drc_routed.rpx
Command: report_drc -file hdmi_wrapper_drc_routed.rpt -pb hdmi_wrapper_drc_routed.pb -rpx hdmi_wrapper_drc_routed.rpx
INFO: [IP_Flow 19-1839] IP Catalog is up to date.
INFO: [DRC 23-27] Running DRC with 2 threads
INFO: [Vivado_Tcl 2-168] The results of DRC are in file A:/Facultate/Labs/SSC/TicTacToe/Hardware/zybo_hdmi.runs/impl_1/hdmi_wrapper_drc_routed.rpt.
report_drc completed successfully
INFO: [Vivado 12-24828] Executing command : report_methodology -file hdmi_wrapper_methodology_drc_routed.rpt -pb hdmi_wrapper_methodology_drc_routed.pb -rpx hdmi_wrapper_methodology_drc_routed.rpx
Command: report_methodology -file hdmi_wrapper_methodology_drc_routed.rpt -pb hdmi_wrapper_methodology_drc_routed.pb -rpx hdmi_wrapper_methodology_drc_routed.rpx
INFO: [Timing 38-35] Done setting XDC timing constraints.
INFO: [DRC 23-133] Running Methodology with 2 threads
INFO: [Vivado_Tcl 2-1520] The results of Report Methodology are in file A:/Facultate/Labs/SSC/TicTacToe/Hardware/zybo_hdmi.runs/impl_1/hdmi_wrapper_methodology_drc_routed.rpt.
report_methodology completed successfully
INFO: [Vivado 12-24828] Executing command : report_timing_summary -max_paths 10 -report_unconstrained -file hdmi_wrapper_timing_summary_routed.rpt -pb hdmi_wrapper_timing_summary_routed.pb -rpx hdmi_wrapper_timing_summary_routed.rpx -warn_on_violation 
INFO: [Timing 38-35] Done setting XDC timing constraints.
INFO: [Timing 38-91] UpdateTimingParams: Speed grade: -1, Delay Type: min_max.
INFO: [Timing 38-191] Multithreading enabled for timing update using a maximum of 2 CPUs
WARNING: [Timing 38-436] There are set_bus_skew constraint(s) in this design. Please run report_bus_skew to ensure that bus skew requirements are met.
INFO: [Vivado 12-24838] Running report commands "report_incremental_reuse, report_route_status" in parallel.
Running report generation with 2 threads.
INFO: [Vivado 12-24828] Executing command : report_incremental_reuse -file hdmi_wrapper_incremental_reuse_routed.rpt
INFO: [Vivado_Tcl 4-1062] Incremental flow is disabled. No incremental reuse Info to report.
INFO: [Vivado 12-24828] Executing command : report_route_status -file hdmi_wrapper_route_status.rpt -pb hdmi_wrapper_route_status.pb
INFO: [Vivado 12-24828] Executing command : report_power -file hdmi_wrapper_power_routed.rpt -pb hdmi_wrapper_power_summary_routed.pb -rpx hdmi_wrapper_power_routed.rpx
Command: report_power -file hdmi_wrapper_power_routed.rpt -pb hdmi_wrapper_power_summary_routed.pb -rpx hdmi_wrapper_power_routed.rpx
Running Vector-less Activity Propagation...

Finished Running Vector-less Activity Propagation
WARNING: [Power 33-332] Found switching activity that implies high-fanout reset nets being asserted for excessive periods of time which may result in inaccurate power analysis.
Resolution: To review and fix problems, please run Power Constraints Advisor in the GUI from Tools > Power Constraints Advisor or run report_power with the -advisory option to generate a text report.
138 Infos, 34 Warnings, 0 Critical Warnings and 0 Errors encountered.
report_power completed successfully
INFO: [Vivado 12-24828] Executing command : report_clock_utilization -file hdmi_wrapper_clock_utilization_routed.rpt
WARNING: [Device 21-9320] Failed to find the Oracle tile group with name 'HSR_BOUNDARY_TOP'. This is required for Clock regions and Virtual grid.
WARNING: [Device 21-2174] Failed to initialize Virtual grid.
INFO: [Vivado 12-24828] Executing command : report_bus_skew -warn_on_violation -file hdmi_wrapper_bus_skew_routed.rpt -pb hdmi_wrapper_bus_skew_routed.pb -rpx hdmi_wrapper_bus_skew_routed.rpx
INFO: [Timing 38-91] UpdateTimingParams: Speed grade: -1, Delay Type: min_max.
INFO: [Timing 38-191] Multithreading enabled for timing update using a maximum of 2 CPUs
generate_parallel_reports: Time (s): cpu = 00:00:17 ; elapsed = 00:00:11 . Memory (MB): peak = 2595.273 ; gain = 2.629
INFO: [Timing 38-480] Writing timing data to binary archive.
Write ShapeDB Complete: Time (s): cpu = 00:00:01 ; elapsed = 00:00:00.057 . Memory (MB): peak = 2609.363 ; gain = 8.980
Wrote PlaceDB: Time (s): cpu = 00:00:02 ; elapsed = 00:00:00.729 . Memory (MB): peak = 2618.574 ; gain = 18.191
Wrote PulsedLatchDB: Time (s): cpu = 00:00:00 ; elapsed = 00:00:00 . Memory (MB): peak = 2618.574 ; gain = 0.000
Writing XDEF routing.
Writing XDEF routing logical nets.
Writing XDEF routing special nets.
Wrote RouteStorage: Time (s): cpu = 00:00:01 ; elapsed = 00:00:00.160 . Memory (MB): peak = 2618.574 ; gain = 0.000
Wrote Netlist Cache: Time (s): cpu = 00:00:00 ; elapsed = 00:00:00.013 . Memory (MB): peak = 2618.574 ; gain = 0.000
Wrote Device Cache: Time (s): cpu = 00:00:00 ; elapsed = 00:00:00.009 . Memory (MB): peak = 2618.574 ; gain = 0.000
Write Physdb Complete: Time (s): cpu = 00:00:03 ; elapsed = 00:00:00.920 . Memory (MB): peak = 2618.574 ; gain = 18.191
INFO: [Common 17-1381] The checkpoint 'A:/Facultate/Labs/SSC/TicTacToe/Hardware/zybo_hdmi.runs/impl_1/hdmi_wrapper_routed.dcp' has been generated.
INFO: [Memdata 28-208] The XPM instance: <hdmi_i/hdmi/v_axi4s_vid_out_0/inst/COUPLER_INST/generate_async_fifo.FIFO_INST/XPM_FIFO_ASYNC_INST/gnuram_async_fifo.xpm_fifo_base_inst/gen_sdpram.xpm_memory_base_inst> is part of IP: <hdmi_i/hdmi/v_axi4s_vid_out_0>. This XPM instance will be excluded from the .mmi because updatemem is prohibited from making changes to an XPM that is part of an IP.
INFO: [Memdata 28-208] The XPM instance: <hdmi_i/hdmi/axi_vdma_0/U0/I_PRMRY_DATAMOVER/GEN_MM2S_FULL.I_MM2S_FULL_WRAPPER/GEN_INCLUDE_MM2S_SF.I_RD_SF/I_DATA_FIFO/BLK_MEM.I_SYNC_FIFOGEN_FIFO/xpm_fifo_instance.xpm_fifo_sync_inst/xpm_fifo_base_inst/gen_sdpram.xpm_memory_base_inst> is part of IP: <hdmi_i/hdmi/axi_vdma_0>. This XPM instance will be excluded from the .mmi because updatemem is prohibited from making changes to an XPM that is part of an IP.
INFO: [Memdata 28-208] The XPM instance: <hdmi_i/hdmi/axi_vdma_0/U0/GEN_SPRT_FOR_MM2S.MM2S_LINEBUFFER_I/GEN_LINEBUF_NO_SOF.GEN_LINEBUFFER.GEN_SYNC_FIFO.I_LINEBUFFER_FIFO/xpm_fifo_sync_inst/xpm_fifo_base_inst/gen_sdpram.xpm_memory_base_inst> is part of IP: <hdmi_i/hdmi/axi_vdma_0>. This XPM instance will be excluded from the .mmi because updatemem is prohibited from making changes to an XPM that is part of an IP.
Command: write_bitstream -force hdmi_wrapper.bit
Attempting to get a license for feature 'Implementation' and/or device 'xc7z020'
INFO: [Common 17-349] Got license for feature 'Implementation' and/or device 'xc7z020'
Running DRC as a precondition to command write_bitstream
INFO: [IP_Flow 19-1839] IP Catalog is up to date.
INFO: [DRC 23-27] Running DRC with 2 threads
WARNING: [DRC PDCN-1569] LUT equation term check: Used physical LUT pin 'A3' of cell hdmi_i/hdmi/axi_mem_intercon/s00_couplers/auto_pc/inst/gen_axi4_axi3.axi3_conv_inst/USE_READ.USE_SPLIT_R.read_addr_inst/USE_R_CHANNEL.cmd_queue/inst/fifo_gen_inst/inst_fifo_gen/gconvfifo.rf/grf.rf/gntv_or_sync_fifo.gl0.rd/gr1.gr1_int.rfwft/gpregsm1.user_valid_i_1 (pin hdmi_i/hdmi/axi_mem_intercon/s00_couplers/auto_pc/inst/gen_axi4_axi3.axi3_conv_inst/USE_READ.USE_SPLIT_R.read_addr_inst/USE_R_CHANNEL.cmd_queue/inst/fifo_gen_inst/inst_fifo_gen/gconvfifo.rf/grf.rf/gntv_or_sync_fifo.gl0.rd/gr1.gr1_int.rfwft/gpregsm1.user_valid_i_1/I1) is not included in the LUT equation: 'O6=(A6)+((~A6)*(~A5)*A4)'. If this cell is a user instantiated LUT in the design, please remove connectivity to the pin or change the equation and/or INIT string of the LUT to prevent this issue. If the cell is inferred or IP created LUT, please regenerate the IP and/or resynthesize the design to attempt to correct the issue.
WARNING: [DRC REQP-1839] RAMB36 async control check: The RAMB36E1 hdmi_i/hdmi/axi_vdma_0/U0/I_PRMRY_DATAMOVER/GEN_MM2S_FULL.I_MM2S_FULL_WRAPPER/GEN_INCLUDE_MM2S_SF.I_RD_SF/I_DATA_FIFO/BLK_MEM.I_SYNC_FIFOGEN_FIFO/xpm_fifo_instance.xpm_fifo_sync_inst/xpm_fifo_base_inst/gen_sdpram.xpm_memory_base_inst/gen_wr_a.gen_word_narrow.mem_reg has an input control pin hdmi_i/hdmi/axi_vdma_0/U0/I_PRMRY_DATAMOVER/GEN_MM2S_FULL.I_MM2S_FULL_WRAPPER/GEN_INCLUDE_MM2S_SF.I_RD_SF/I_DATA_FIFO/BLK_MEM.I_SYNC_FIFOGEN_FIFO/xpm_fifo_instance.xpm_fifo_sync_inst/xpm_fifo_base_inst/gen_sdpram.xpm_memory_base_inst/gen_wr_a.gen_word_narrow.mem_reg/WEBWE[0] (net: hdmi_i/hdmi/axi_vdma_0/U0/I_PRMRY_DATAMOVER/GEN_MM2S_FULL.I_MM2S_FULL_WRAPPER/GEN_INCLUDE_MM2S_SF.I_RD_SF/I_DATA_FIFO/BLK_MEM.I_SYNC_FIFOGEN_FIFO/xpm_fifo_instance.xpm_fifo_sync_inst/xpm_fifo_base_inst/gen_sdpram.xpm_memory_base_inst/wea[0]) which is driven by a register (hdmi_i/hdmi/axi_mem_intercon/s00_couplers/auto_pc/inst/gen_axi4_axi3.axi3_conv_inst/USE_READ.USE_SPLIT_R.read_addr_inst/USE_R_CHANNEL.cmd_queue/inst/fifo_gen_inst/inst_fifo_gen/gconvfifo.rf/grf.rf/gntv_or_sync_fifo.gl0.rd/gr1.gr1_int.rfwft/empty_fwft_i_reg) that has an active asychronous set or reset. This may cause corruption of the memory contents and/or read values when the set/reset is asserted and is not analyzed by the default static timing analysis. It is suggested to eliminate the use of a set/reset to registers driving this RAMB pin or else use a synchronous reset in which the assertion of the reset is timed by default.
WARNING: [DRC REQP-1839] RAMB36 async control check: The RAMB36E1 hdmi_i/hdmi/axi_vdma_0/U0/I_PRMRY_DATAMOVER/GEN_MM2S_FULL.I_MM2S_FULL_WRAPPER/GEN_INCLUDE_MM2S_SF.I_RD_SF/I_DATA_FIFO/BLK_MEM.I_SYNC_FIFOGEN_FIFO/xpm_fifo_instance.xpm_fifo_sync_inst/xpm_fifo_base_inst/gen_sdpram.xpm_memory_base_inst/gen_wr_a.gen_word_narrow.mem_reg has an input control pin hdmi_i/hdmi/axi_vdma_0/U0/I_PRMRY_DATAMOVER/GEN_MM2S_FULL.I_MM2S_FULL_WRAPPER/GEN_INCLUDE_MM2S_SF.I_RD_SF/I_DATA_FIFO/BLK_MEM.I_SYNC_FIFOGEN_FIFO/xpm_fifo_instance.xpm_fifo_sync_inst/xpm_fifo_base_inst/gen_sdpram.xpm_memory_base_inst/gen_wr_a.gen_word_narrow.mem_reg/WEBWE[1] (net: hdmi_i/hdmi/axi_vdma_0/U0/I_PRMRY_DATAMOVER/GEN_MM2S_FULL.I_MM2S_FULL_WRAPPER/GEN_INCLUDE_MM2S_SF.I_RD_SF/I_DATA_FIFO/BLK_MEM.I_SYNC_FIFOGEN_FIFO/xpm_fifo_instance.xpm_fifo_sync_inst/xpm_fifo_base_inst/gen_sdpram.xpm_memory_base_inst/wea[0]) which is driven by a register (hdmi_i/hdmi/axi_mem_intercon/s00_couplers/auto_pc/inst/gen_axi4_axi3.axi3_conv_inst/USE_READ.USE_SPLIT_R.read_addr_inst/USE_R_CHANNEL.cmd_queue/inst/fifo_gen_inst/inst_fifo_gen/gconvfifo.rf/grf.rf/gntv_or_sync_fifo.gl0.rd/gr1.gr1_int.rfwft/empty_fwft_i_reg) that has an active asychronous set or reset. This may cause corruption of the memory contents and/or read values when the set/reset is asserted and is not analyzed by the default static timing analysis. It is suggested to eliminate the use of a set/reset to registers driving this RAMB pin or else use a synchronous reset in which the assertion of the reset is timed by default.
WARNING: [DRC REQP-1839] RAMB36 async control check: The RAMB36E1 hdmi_i/hdmi/axi_vdma_0/U0/I_PRMRY_DATAMOVER/GEN_MM2S_FULL.I_MM2S_FULL_WRAPPER/GEN_INCLUDE_MM2S_SF.I_RD_SF/I_DATA_FIFO/BLK_MEM.I_SYNC_FIFOGEN_FIFO/xpm_fifo_instance.xpm_fifo_sync_inst/xpm_fifo_base_inst/gen_sdpram.xpm_memory_base_inst/gen_wr_a.gen_word_narrow.mem_reg has an input control pin hdmi_i/hdmi/axi_vdma_0/U0/I_PRMRY_DATAMOVER/GEN_MM2S_FULL.I_MM2S_FULL_WRAPPER/GEN_INCLUDE_MM2S_SF.I_RD_SF/I_DATA_FIFO/BLK_MEM.I_SYNC_FIFOGEN_FIFO/xpm_fifo_instance.xpm_fifo_sync_inst/xpm_fifo_base_inst/gen_sdpram.xpm_memory_base_inst/gen_wr_a.gen_word_narrow.mem_reg/WEBWE[2] (net: hdmi_i/hdmi/axi_vdma_0/U0/I_PRMRY_DATAMOVER/GEN_MM2S_FULL.I_MM2S_FULL_WRAPPER/GEN_INCLUDE_MM2S_SF.I_RD_SF/I_DATA_FIFO/BLK_MEM.I_SYNC_FIFOGEN_FIFO/xpm_fifo_instance.xpm_fifo_sync_inst/xpm_fifo_base_inst/gen_sdpram.xpm_memory_base_inst/wea[0]) which is driven by a register (hdmi_i/hdmi/axi_mem_intercon/s00_couplers/auto_pc/inst/gen_axi4_axi3.axi3_conv_inst/USE_READ.USE_SPLIT_R.read_addr_inst/USE_R_CHANNEL.cmd_queue/inst/fifo_gen_inst/inst_fifo_gen/gconvfifo.rf/grf.rf/gntv_or_sync_fifo.gl0.rd/gr1.gr1_int.rfwft/empty_fwft_i_reg) that has an active asychronous set or reset. This may cause corruption of the memory contents and/or read values when the set/reset is asserted and is not analyzed by the default static timing analysis. It is suggested to eliminate the use of a set/reset to registers driving this RAMB pin or else use a synchronous reset in which the assertion of the reset is timed by default.
WARNING: [DRC REQP-1839] RAMB36 async control check: The RAMB36E1 hdmi_i/hdmi/axi_vdma_0/U0/I_PRMRY_DATAMOVER/GEN_MM2S_FULL.I_MM2S_FULL_WRAPPER/GEN_INCLUDE_MM2S_SF.I_RD_SF/I_DATA_FIFO/BLK_MEM.I_SYNC_FIFOGEN_FIFO/xpm_fifo_instance.xpm_fifo_sync_inst/xpm_fifo_base_inst/gen_sdpram.xpm_memory_base_inst/gen_wr_a.gen_word_narrow.mem_reg has an input control pin hdmi_i/hdmi/axi_vdma_0/U0/I_PRMRY_DATAMOVER/GEN_MM2S_FULL.I_MM2S_FULL_WRAPPER/GEN_INCLUDE_MM2S_SF.I_RD_SF/I_DATA_FIFO/BLK_MEM.I_SYNC_FIFOGEN_FIFO/xpm_fifo_instance.xpm_fifo_sync_inst/xpm_fifo_base_inst/gen_sdpram.xpm_memory_base_inst/gen_wr_a.gen_word_narrow.mem_reg/WEBWE[3] (net: hdmi_i/hdmi/axi_vdma_0/U0/I_PRMRY_DATAMOVER/GEN_MM2S_FULL.I_MM2S_FULL_WRAPPER/GEN_INCLUDE_MM2S_SF.I_RD_SF/I_DATA_FIFO/BLK_MEM.I_SYNC_FIFOGEN_FIFO/xpm_fifo_instance.xpm_fifo_sync_inst/xpm_fifo_base_inst/gen_sdpram.xpm_memory_base_inst/wea[0]) which is driven by a register (hdmi_i/hdmi/axi_mem_intercon/s00_couplers/auto_pc/inst/gen_axi4_axi3.axi3_conv_inst/USE_READ.USE_SPLIT_R.read_addr_inst/USE_R_CHANNEL.cmd_queue/inst/fifo_gen_inst/inst_fifo_gen/gconvfifo.rf/grf.rf/gntv_or_sync_fifo.gl0.rd/gr1.gr1_int.rfwft/empty_fwft_i_reg) that has an active asychronous set or reset. This may cause corruption of the memory contents and/or read values when the set/reset is asserted and is not analyzed by the default static timing analysis. It is suggested to eliminate the use of a set/reset to registers driving this RAMB pin or else use a synchronous reset in which the assertion of the reset is timed by default.
WARNING: [DRC REQP-1839] RAMB36 async control check: The RAMB36E1 hdmi_i/hdmi/axi_vdma_0/U0/I_PRMRY_DATAMOVER/GEN_MM2S_FULL.I_MM2S_FULL_WRAPPER/GEN_INCLUDE_MM2S_SF.I_RD_SF/I_DATA_FIFO/BLK_MEM.I_SYNC_FIFOGEN_FIFO/xpm_fifo_instance.xpm_fifo_sync_inst/xpm_fifo_base_inst/gen_sdpram.xpm_memory_base_inst/gen_wr_a.gen_word_narrow.mem_reg has an input control pin hdmi_i/hdmi/axi_vdma_0/U0/I_PRMRY_DATAMOVER/GEN_MM2S_FULL.I_MM2S_FULL_WRAPPER/GEN_INCLUDE_MM2S_SF.I_RD_SF/I_DATA_FIFO/BLK_MEM.I_SYNC_FIFOGEN_FIFO/xpm_fifo_instance.xpm_fifo_sync_inst/xpm_fifo_base_inst/gen_sdpram.xpm_memory_base_inst/gen_wr_a.gen_word_narrow.mem_reg/WEBWE[4] (net: hdmi_i/hdmi/axi_vdma_0/U0/I_PRMRY_DATAMOVER/GEN_MM2S_FULL.I_MM2S_FULL_WRAPPER/GEN_INCLUDE_MM2S_SF.I_RD_SF/I_DATA_FIFO/BLK_MEM.I_SYNC_FIFOGEN_FIFO/xpm_fifo_instance.xpm_fifo_sync_inst/xpm_fifo_base_inst/gen_sdpram.xpm_memory_base_inst/wea[0]) which is driven by a register (hdmi_i/hdmi/axi_mem_intercon/s00_couplers/auto_pc/inst/gen_axi4_axi3.axi3_conv_inst/USE_READ.USE_SPLIT_R.read_addr_inst/USE_R_CHANNEL.cmd_queue/inst/fifo_gen_inst/inst_fifo_gen/gconvfifo.rf/grf.rf/gntv_or_sync_fifo.gl0.rd/gr1.gr1_int.rfwft/empty_fwft_i_reg) that has an active asychronous set or reset. This may cause corruption of the memory contents and/or read values when the set/reset is asserted and is not analyzed by the default static timing analysis. It is suggested to eliminate the use of a set/reset to registers driving this RAMB pin or else use a synchronous reset in which the assertion of the reset is timed by default.
WARNING: [DRC REQP-1839] RAMB36 async control check: The RAMB36E1 hdmi_i/hdmi/axi_vdma_0/U0/I_PRMRY_DATAMOVER/GEN_MM2S_FULL.I_MM2S_FULL_WRAPPER/GEN_INCLUDE_MM2S_SF.I_RD_SF/I_DATA_FIFO/BLK_MEM.I_SYNC_FIFOGEN_FIFO/xpm_fifo_instance.xpm_fifo_sync_inst/xpm_fifo_base_inst/gen_sdpram.xpm_memory_base_inst/gen_wr_a.gen_word_narrow.mem_reg has an input control pin hdmi_i/hdmi/axi_vdma_0/U0/I_PRMRY_DATAMOVER/GEN_MM2S_FULL.I_MM2S_FULL_WRAPPER/GEN_INCLUDE_MM2S_SF.I_RD_SF/I_DATA_FIFO/BLK_MEM.I_SYNC_FIFOGEN_FIFO/xpm_fifo_instance.xpm_fifo_sync_inst/xpm_fifo_base_inst/gen_sdpram.xpm_memory_base_inst/gen_wr_a.gen_word_narrow.mem_reg/WEBWE[5] (net: hdmi_i/hdmi/axi_vdma_0/U0/I_PRMRY_DATAMOVER/GEN_MM2S_FULL.I_MM2S_FULL_WRAPPER/GEN_INCLUDE_MM2S_SF.I_RD_SF/I_DATA_FIFO/BLK_MEM.I_SYNC_FIFOGEN_FIFO/xpm_fifo_instance.xpm_fifo_sync_inst/xpm_fifo_base_inst/gen_sdpram.xpm_memory_base_inst/wea[0]) which is driven by a register (hdmi_i/hdmi/axi_mem_intercon/s00_couplers/auto_pc/inst/gen_axi4_axi3.axi3_conv_inst/USE_READ.USE_SPLIT_R.read_addr_inst/USE_R_CHANNEL.cmd_queue/inst/fifo_gen_inst/inst_fifo_gen/gconvfifo.rf/grf.rf/gntv_or_sync_fifo.gl0.rd/gr1.gr1_int.rfwft/empty_fwft_i_reg) that has an active asychronous set or reset. This may cause corruption of the memory contents and/or read values when the set/reset is asserted and is not analyzed by the default static timing analysis. It is suggested to eliminate the use of a set/reset to registers driving this RAMB pin or else use a synchronous reset in which the assertion of the reset is timed by default.
WARNING: [DRC REQP-1839] RAMB36 async control check: The RAMB36E1 hdmi_i/hdmi/axi_vdma_0/U0/I_PRMRY_DATAMOVER/GEN_MM2S_FULL.I_MM2S_FULL_WRAPPER/GEN_INCLUDE_MM2S_SF.I_RD_SF/I_DATA_FIFO/BLK_MEM.I_SYNC_FIFOGEN_FIFO/xpm_fifo_instance.xpm_fifo_sync_inst/xpm_fifo_base_inst/gen_sdpram.xpm_memory_base_inst/gen_wr_a.gen_word_narrow.mem_reg has an input control pin hdmi_i/hdmi/axi_vdma_0/U0/I_PRMRY_DATAMOVER/GEN_MM2S_FULL.I_MM2S_FULL_WRAPPER/GEN_INCLUDE_MM2S_SF.I_RD_SF/I_DATA_FIFO/BLK_MEM.I_SYNC_FIFOGEN_FIFO/xpm_fifo_instance.xpm_fifo_sync_inst/xpm_fifo_base_inst/gen_sdpram.xpm_memory_base_inst/gen_wr_a.gen_word_narrow.mem_reg/WEBWE[6] (net: hdmi_i/hdmi/axi_vdma_0/U0/I_PRMRY_DATAMOVER/GEN_MM2S_FULL.I_MM2S_FULL_WRAPPER/GEN_INCLUDE_MM2S_SF.I_RD_SF/I_DATA_FIFO/BLK_MEM.I_SYNC_FIFOGEN_FIFO/xpm_fifo_instance.xpm_fifo_sync_inst/xpm_fifo_base_inst/gen_sdpram.xpm_memory_base_inst/wea[0]) which is driven by a register (hdmi_i/hdmi/axi_mem_intercon/s00_couplers/auto_pc/inst/gen_axi4_axi3.axi3_conv_inst/USE_READ.USE_SPLIT_R.read_addr_inst/USE_R_CHANNEL.cmd_queue/inst/fifo_gen_inst/inst_fifo_gen/gconvfifo.rf/grf.rf/gntv_or_sync_fifo.gl0.rd/gr1.gr1_int.rfwft/empty_fwft_i_reg) that has an active asychronous set or reset. This may cause corruption of the memory contents and/or read values when the set/reset is asserted and is not analyzed by the default static timing analysis. It is suggested to eliminate the use of a set/reset to registers driving this RAMB pin or else use a synchronous reset in which the assertion of the reset is timed by default.
WARNING: [DRC REQP-1839] RAMB36 async control check: The RAMB36E1 hdmi_i/hdmi/axi_vdma_0/U0/I_PRMRY_DATAMOVER/GEN_MM2S_FULL.I_MM2S_FULL_WRAPPER/GEN_INCLUDE_MM2S_SF.I_RD_SF/I_DATA_FIFO/BLK_MEM.I_SYNC_FIFOGEN_FIFO/xpm_fifo_instance.xpm_fifo_sync_inst/xpm_fifo_base_inst/gen_sdpram.xpm_memory_base_inst/gen_wr_a.gen_word_narrow.mem_reg has an input control pin hdmi_i/hdmi/axi_vdma_0/U0/I_PRMRY_DATAMOVER/GEN_MM2S_FULL.I_MM2S_FULL_WRAPPER/GEN_INCLUDE_MM2S_SF.I_RD_SF/I_DATA_FIFO/BLK_MEM.I_SYNC_FIFOGEN_FIFO/xpm_fifo_instance.xpm_fifo_sync_inst/xpm_fifo_base_inst/gen_sdpram.xpm_memory_base_inst/gen_wr_a.gen_word_narrow.mem_reg/WEBWE[7] (net: hdmi_i/hdmi/axi_vdma_0/U0/I_PRMRY_DATAMOVER/GEN_MM2S_FULL.I_MM2S_FULL_WRAPPER/GEN_INCLUDE_MM2S_SF.I_RD_SF/I_DATA_FIFO/BLK_MEM.I_SYNC_FIFOGEN_FIFO/xpm_fifo_instance.xpm_fifo_sync_inst/xpm_fifo_base_inst/gen_sdpram.xpm_memory_base_inst/wea[0]) which is driven by a register (hdmi_i/hdmi/axi_mem_intercon/s00_couplers/auto_pc/inst/gen_axi4_axi3.axi3_conv_inst/USE_READ.USE_SPLIT_R.read_addr_inst/USE_R_CHANNEL.cmd_queue/inst/fifo_gen_inst/inst_fifo_gen/gconvfifo.rf/grf.rf/gntv_or_sync_fifo.gl0.rd/gr1.gr1_int.rfwft/empty_fwft_i_reg) that has an active asychronous set or reset. This may cause corruption of the memory contents and/or read values when the set/reset is asserted and is not analyzed by the default static timing analysis. It is suggested to eliminate the use of a set/reset to registers driving this RAMB pin or else use a synchronous reset in which the assertion of the reset is timed by default.
WARNING: [DRC RTSTAT-10] No routable loads: 11 net(s) have no routable loads. The problem bus(es) and/or net(s) are hdmi_i/hdmi/axi_mem_intercon/s00_couplers/auto_pc/inst/gen_axi4_axi3.axi3_conv_inst/USE_READ.USE_SPLIT_R.read_addr_inst/USE_R_CHANNEL.cmd_queue/inst/fifo_gen_inst/inst_fifo_gen/gconvfifo.rf/grf.rf/gntv_or_sync_fifo.gl0.rd/gr1.gr1_int.rfwft/aempty_fwft_i, hdmi_i/hdmi/axi_mem_intercon/s00_couplers/auto_pc/inst/gen_axi4_axi3.axi3_conv_inst/USE_READ.USE_SPLIT_R.read_addr_inst/USE_R_CHANNEL.cmd_queue/inst/fifo_gen_inst/inst_fifo_gen/gconvfifo.rf/grf.rf/rstblk/ngwrdrst.grst.rd_rst_reg[2:0], hdmi_i/hdmi/axi_mem_intercon/s00_couplers/auto_pc/inst/gen_axi4_axi3.axi3_conv_inst/USE_READ.USE_SPLIT_R.read_addr_inst/USE_R_CHANNEL.cmd_queue/inst/fifo_gen_inst/inst_fifo_gen/gconvfifo.rf/grf.rf/rstblk/ngwrdrst.grst.wr_rst_reg[2:0], hdmi_i/hdmi/axi_mem_intercon/s00_couplers/auto_pc/inst/gen_axi4_axi3.axi3_conv_inst/USE_READ.USE_SPLIT_R.read_addr_inst/USE_R_CHANNEL.cmd_queue/inst/fifo_gen_inst/inst_fifo_gen/gconvfifo.rf/grf.rf/gntv_or_sync_fifo.gl0.wr/gwss.wsts/ram_afull_fb, hdmi_i/hdmi/axi_mem_intercon/s00_couplers/auto_pc/inst/gen_axi4_axi3.axi3_conv_inst/USE_READ.USE_SPLIT_R.read_addr_inst/USE_R_CHANNEL.cmd_queue/inst/fifo_gen_inst/inst_fifo_gen/gconvfifo.rf/grf.rf/gntv_or_sync_fifo.gl0.wr/gwss.wsts/ram_afull_i, hdmi_i/hdmi/axi_mem_intercon/s00_couplers/auto_pc/inst/gen_axi4_axi3.axi3_conv_inst/USE_READ.USE_SPLIT_R.read_addr_inst/USE_R_CHANNEL.cmd_queue/inst/fifo_gen_inst/inst_fifo_gen/gconvfifo.rf/grf.rf/gntv_or_sync_fifo.gl0.rd/grss.rsts/ram_empty_i, and hdmi_i/hdmi/axi_mem_intercon/s00_couplers/auto_pc/inst/gen_axi4_axi3.axi3_conv_inst/USE_READ.USE_SPLIT_R.read_addr_inst/USE_R_CHANNEL.cmd_queue/inst/fifo_gen_inst/inst_fifo_gen/gconvfifo.rf/grf.rf/gntv_or_sync_fifo.gl0.rd/gr1.gr1_int.rfwft/user_valid.
INFO: [DRC REQP-181] writefirst: Synchronous clocking is detected for BRAM (hdmi_i/hdmi/axi_vdma_0/U0/I_PRMRY_DATAMOVER/GEN_MM2S_FULL.I_MM2S_FULL_WRAPPER/GEN_INCLUDE_MM2S_SF.I_RD_SF/I_DATA_FIFO/BLK_MEM.I_SYNC_FIFOGEN_FIFO/xpm_fifo_instance.xpm_fifo_sync_inst/xpm_fifo_base_inst/gen_sdpram.xpm_memory_base_inst/gen_wr_a.gen_word_narrow.mem_reg) in SDP mode with WRITE_FIRST write-mode. This is the preferred mode for best power characteristics, however it may exhibit address collisions if the same address appears on both read and write ports resulting in unknown or corrupted read data. It is suggested to confirm via simulation that an address collision never occurs and if so it is suggested to try and avoid this situation. If address collisions cannot be avoided, the write-mode may be set to READ_FIRST which guarantees that the read data is the prior contents of the memory at the cost of additional power in the design. See the FPGA Memory Resources User Guide for additional information.
INFO: [Vivado 12-3199] DRC finished with 0 Errors, 10 Warnings, 1 Advisories
INFO: [Vivado 12-3200] Please refer to the DRC report (report_drc) for more information.
INFO: [Designutils 20-2272] Running write_bitstream with 2 threads.
Loading data files...
Loading site data...
Loading route data...
Processing options...
Creating bitmap...
Creating bitstream...
Writing bitstream ./hdmi_wrapper.bit...
INFO: [Vivado 12-1842] Bitgen Completed Successfully.
INFO: [Project 1-1876] WebTalk data collection is mandatory when using a ULT device. To see the specific WebTalk data collected for your design, open the usage_statistics_webtalk.html or usage_statistics_webtalk.xml file in the implementation directory.
INFO: [Common 17-83] Releasing license: Implementation
157 Infos, 46 Warnings, 0 Critical Warnings and 0 Errors encountered.
write_bitstream completed successfully
write_bitstream: Time (s): cpu = 00:00:19 ; elapsed = 00:00:15 . Memory (MB): peak = 3075.535 ; gain = 456.961
INFO: [Common 17-206] Exiting Vivado at Tue Dec  2 18:48:04 2025...
