
*** Running vivado
    with args -log hdmi_gameLogic_0_0.vds -m64 -product Vivado -mode batch -messageDb vivado.pb -notrace -source hdmi_gameLogic_0_0.tcl



****** Vivado v2024.1 (64-bit)
  **** SW Build 5076996 on Wed May 22 18:37:14 MDT 2024
  **** IP Build 5075265 on Wed May 22 21:45:21 MDT 2024
  **** SharedData Build 5076995 on Wed May 22 18:29:18 MDT 2024
  **** Start of session at: Tue Dec  2 18:42:31 2025
    ** Copyright 1986-2022 Xilinx, Inc. All Rights Reserved.
    ** Copyright 2022-2024 Advanced Micro Devices, Inc. All Rights Reserved.

source hdmi_gameLogic_0_0.tcl -notrace
create_project: Time (s): cpu = 00:00:11 ; elapsed = 00:00:17 . Memory (MB): peak = 553.125 ; gain = 239.891
INFO: [IP_Flow 19-234] Refreshing IP repositories
INFO: [IP_Flow 19-1700] Loaded user IP repository 'a:/Facultate/Labs/SSC/Laboratorul9/Hardware/ip_repo/zybo-z7-hdmi-master/zybo-z7-hdmi-master/hardware/zybo_z7_hdmi_repo'.
INFO: [IP_Flow 19-2313] Loaded Vivado IP repository 'A:/Aplicatii/Vivado/Vivado/2024.1/data/ip'.
Command: synth_design -top hdmi_gameLogic_0_0 -part xc7z020clg400-1 -incremental_mode off -mode out_of_context
Starting synth_design
Attempting to get a license for feature 'Synthesis' and/or device 'xc7z020'
INFO: [Common 17-349] Got license for feature 'Synthesis' and/or device 'xc7z020'
INFO: [Device 21-403] Loading part xc7z020clg400-1
INFO: [Device 21-9227] Part: xc7z020clg400-1 does not have CEAM library.
INFO: [Synth 8-7079] Multithreading enabled for synth_design using a maximum of 2 processes.
INFO: [Synth 8-7078] Launching helper process for spawning children vivado processes
INFO: [Synth 8-7075] Helper process launched with PID 16612
---------------------------------------------------------------------------------
Starting RTL Elaboration : Time (s): cpu = 00:00:06 ; elapsed = 00:00:07 . Memory (MB): peak = 1510.484 ; gain = 445.590
---------------------------------------------------------------------------------
INFO: [Synth 8-6157] synthesizing module 'hdmi_gameLogic_0_0' [a:/Facultate/Labs/SSC/TicTacToe/Hardware/zybo_hdmi.gen/sources_1/bd/hdmi/ip/hdmi_gameLogic_0_0/synth/hdmi_gameLogic_0_0.v:53]
INFO: [Synth 8-638] synthesizing module 'gameLogic' [A:/Facultate/Labs/SSC/TicTacToe/Hardware/zybo_hdmi.srcs/sources_1/new/gameLogic.vhd:13]
INFO: [Synth 8-256] done synthesizing module 'gameLogic' (0#1) [A:/Facultate/Labs/SSC/TicTacToe/Hardware/zybo_hdmi.srcs/sources_1/new/gameLogic.vhd:13]
INFO: [Synth 8-6155] done synthesizing module 'hdmi_gameLogic_0_0' (0#1) [a:/Facultate/Labs/SSC/TicTacToe/Hardware/zybo_hdmi.gen/sources_1/bd/hdmi/ip/hdmi_gameLogic_0_0/synth/hdmi_gameLogic_0_0.v:53]
WARNING: [Synth 8-7129] Port input_data[30] in module gameLogic is either unconnected or has no load
WARNING: [Synth 8-7129] Port input_data[29] in module gameLogic is either unconnected or has no load
WARNING: [Synth 8-7129] Port input_data[28] in module gameLogic is either unconnected or has no load
WARNING: [Synth 8-7129] Port input_data[27] in module gameLogic is either unconnected or has no load
WARNING: [Synth 8-7129] Port input_data[26] in module gameLogic is either unconnected or has no load
WARNING: [Synth 8-7129] Port input_data[25] in module gameLogic is either unconnected or has no load
WARNING: [Synth 8-7129] Port input_data[24] in module gameLogic is either unconnected or has no load
WARNING: [Synth 8-7129] Port input_data[23] in module gameLogic is either unconnected or has no load
WARNING: [Synth 8-7129] Port input_data[22] in module gameLogic is either unconnected or has no load
WARNING: [Synth 8-7129] Port input_data[21] in module gameLogic is either unconnected or has no load
WARNING: [Synth 8-7129] Port input_data[20] in module gameLogic is either unconnected or has no load
WARNING: [Synth 8-7129] Port input_data[19] in module gameLogic is either unconnected or has no load
WARNING: [Synth 8-7129] Port input_data[18] in module gameLogic is either unconnected or has no load
WARNING: [Synth 8-7129] Port input_data[17] in module gameLogic is either unconnected or has no load
WARNING: [Synth 8-7129] Port input_data[16] in module gameLogic is either unconnected or has no load
WARNING: [Synth 8-7129] Port input_data[15] in module gameLogic is either unconnected or has no load
WARNING: [Synth 8-7129] Port input_data[14] in module gameLogic is either unconnected or has no load
WARNING: [Synth 8-7129] Port input_data[13] in module gameLogic is either unconnected or has no load
WARNING: [Synth 8-7129] Port input_data[12] in module gameLogic is either unconnected or has no load
WARNING: [Synth 8-7129] Port input_data[11] in module gameLogic is either unconnected or has no load
WARNING: [Synth 8-7129] Port input_data[10] in module gameLogic is either unconnected or has no load
WARNING: [Synth 8-7129] Port input_data[9] in module gameLogic is either unconnected or has no load
WARNING: [Synth 8-7129] Port input_data[8] in module gameLogic is either unconnected or has no load
WARNING: [Synth 8-7129] Port input_data[7] in module gameLogic is either unconnected or has no load
WARNING: [Synth 8-7129] Port input_data[6] in module gameLogic is either unconnected or has no load
---------------------------------------------------------------------------------
Finished RTL Elaboration : Time (s): cpu = 00:00:08 ; elapsed = 00:00:09 . Memory (MB): peak = 1627.656 ; gain = 562.762
---------------------------------------------------------------------------------
---------------------------------------------------------------------------------
Start Handling Custom Attributes
---------------------------------------------------------------------------------
---------------------------------------------------------------------------------
Finished Handling Custom Attributes : Time (s): cpu = 00:00:08 ; elapsed = 00:00:09 . Memory (MB): peak = 1627.656 ; gain = 562.762
---------------------------------------------------------------------------------
---------------------------------------------------------------------------------
Finished RTL Optimization Phase 1 : Time (s): cpu = 00:00:08 ; elapsed = 00:00:09 . Memory (MB): peak = 1627.656 ; gain = 562.762
---------------------------------------------------------------------------------
Netlist sorting complete. Time (s): cpu = 00:00:00 ; elapsed = 00:00:00.004 . Memory (MB): peak = 1627.656 ; gain = 0.000
INFO: [Project 1-570] Preparing netlist for logic optimization

Processing XDC Constraints
Initializing timing engine
Completed Processing XDC Constraints

Netlist sorting complete. Time (s): cpu = 00:00:00 ; elapsed = 00:00:00 . Memory (MB): peak = 1688.797 ; gain = 0.000
INFO: [Project 1-111] Unisim Transformation Summary:
No Unisim elements were transformed.

Constraint Validation Runtime : Time (s): cpu = 00:00:00 ; elapsed = 00:00:00.051 . Memory (MB): peak = 1689.055 ; gain = 0.258
INFO: [Designutils 20-5008] Incremental synthesis strategy off
---------------------------------------------------------------------------------
Finished Constraint Validation : Time (s): cpu = 00:00:16 ; elapsed = 00:00:18 . Memory (MB): peak = 1689.055 ; gain = 624.160
---------------------------------------------------------------------------------
---------------------------------------------------------------------------------
Start Loading Part and Timing Information
---------------------------------------------------------------------------------
Loading part: xc7z020clg400-1
---------------------------------------------------------------------------------
Finished Loading Part and Timing Information : Time (s): cpu = 00:00:16 ; elapsed = 00:00:18 . Memory (MB): peak = 1689.055 ; gain = 624.160
---------------------------------------------------------------------------------
---------------------------------------------------------------------------------
Start Applying 'set_property' XDC Constraints
---------------------------------------------------------------------------------
---------------------------------------------------------------------------------
Finished applying 'set_property' XDC Constraints : Time (s): cpu = 00:00:16 ; elapsed = 00:00:18 . Memory (MB): peak = 1689.055 ; gain = 624.160
---------------------------------------------------------------------------------
INFO: [Synth 8-802] inferred FSM for state register 'current_game_state_reg' in module 'gameLogic'
---------------------------------------------------------------------------------------------------
                   State |                     New Encoding |                Previous Encoding 
---------------------------------------------------------------------------------------------------
                    idle |                               00 |                               00
                 running |                               01 |                               01
                    stop |                               10 |                               10
---------------------------------------------------------------------------------------------------
INFO: [Synth 8-3354] encoded FSM with state register 'current_game_state_reg' using encoding 'sequential' in module 'gameLogic'
---------------------------------------------------------------------------------
Finished RTL Optimization Phase 2 : Time (s): cpu = 00:00:16 ; elapsed = 00:00:18 . Memory (MB): peak = 1689.055 ; gain = 624.160
---------------------------------------------------------------------------------
---------------------------------------------------------------------------------
Start RTL Component Statistics 
---------------------------------------------------------------------------------
Detailed RTL Component Info : 
+---Adders : 
	   2 Input    6 Bit       Adders := 1     
+---Registers : 
	               18 Bit    Registers := 1     
	                2 Bit    Registers := 3     
	                1 Bit    Registers := 1     
+---Muxes : 
	   4 Input   18 Bit        Muxes := 1     
	   2 Input   18 Bit        Muxes := 4     
	   3 Input   18 Bit        Muxes := 2     
	   3 Input    2 Bit        Muxes := 6     
	   2 Input    2 Bit        Muxes := 2     
	   2 Input    1 Bit        Muxes := 8     
	   4 Input    1 Bit        Muxes := 1     
	   3 Input    1 Bit        Muxes := 3     
---------------------------------------------------------------------------------
Finished RTL Component Statistics 
---------------------------------------------------------------------------------
---------------------------------------------------------------------------------
Start Part Resource Summary
---------------------------------------------------------------------------------
Part Resources:
DSPs: 220 (col length:60)
BRAMs: 280 (col length: RAMB18 60 RAMB36 30)
---------------------------------------------------------------------------------
Finished Part Resource Summary
---------------------------------------------------------------------------------
---------------------------------------------------------------------------------
Start Cross Boundary and Area Optimization
---------------------------------------------------------------------------------
WARNING: [Synth 8-7080] Parallel synthesis criteria is not met
INFO: [Synth 8-3917] design hdmi_gameLogic_0_0 has port output_game_status[31] driven by constant 0
INFO: [Synth 8-3917] design hdmi_gameLogic_0_0 has port output_game_status[30] driven by constant 0
INFO: [Synth 8-3917] design hdmi_gameLogic_0_0 has port output_game_status[29] driven by constant 0
INFO: [Synth 8-3917] design hdmi_gameLogic_0_0 has port output_game_status[28] driven by constant 0
INFO: [Synth 8-3917] design hdmi_gameLogic_0_0 has port output_game_status[27] driven by constant 0
INFO: [Synth 8-3917] design hdmi_gameLogic_0_0 has port output_game_status[26] driven by constant 0
INFO: [Synth 8-3917] design hdmi_gameLogic_0_0 has port output_game_status[25] driven by constant 0
INFO: [Synth 8-3917] design hdmi_gameLogic_0_0 has port output_game_status[24] driven by constant 0
INFO: [Synth 8-3917] design hdmi_gameLogic_0_0 has port output_game_status[23] driven by constant 0
INFO: [Synth 8-3917] design hdmi_gameLogic_0_0 has port output_game_status[22] driven by constant 0
WARNING: [Synth 8-7129] Port input_data[30] in module hdmi_gameLogic_0_0 is either unconnected or has no load
WARNING: [Synth 8-7129] Port input_data[29] in module hdmi_gameLogic_0_0 is either unconnected or has no load
WARNING: [Synth 8-7129] Port input_data[28] in module hdmi_gameLogic_0_0 is either unconnected or has no load
WARNING: [Synth 8-7129] Port input_data[27] in module hdmi_gameLogic_0_0 is either unconnected or has no load
WARNING: [Synth 8-7129] Port input_data[26] in module hdmi_gameLogic_0_0 is either unconnected or has no load
WARNING: [Synth 8-7129] Port input_data[25] in module hdmi_gameLogic_0_0 is either unconnected or has no load
WARNING: [Synth 8-7129] Port input_data[24] in module hdmi_gameLogic_0_0 is either unconnected or has no load
WARNING: [Synth 8-7129] Port input_data[23] in module hdmi_gameLogic_0_0 is either unconnected or has no load
WARNING: [Synth 8-7129] Port input_data[22] in module hdmi_gameLogic_0_0 is either unconnected or has no load
WARNING: [Synth 8-7129] Port input_data[21] in module hdmi_gameLogic_0_0 is either unconnected or has no load
WARNING: [Synth 8-7129] Port input_data[20] in module hdmi_gameLogic_0_0 is either unconnected or has no load
WARNING: [Synth 8-7129] Port input_data[19] in module hdmi_gameLogic_0_0 is either unconnected or has no load
WARNING: [Synth 8-7129] Port input_data[18] in module hdmi_gameLogic_0_0 is either unconnected or has no load
WARNING: [Synth 8-7129] Port input_data[17] in module hdmi_gameLogic_0_0 is either unconnected or has no load
WARNING: [Synth 8-7129] Port input_data[16] in module hdmi_gameLogic_0_0 is either unconnected or has no load
WARNING: [Synth 8-7129] Port input_data[15] in module hdmi_gameLogic_0_0 is either unconnected or has no load
WARNING: [Synth 8-7129] Port input_data[14] in module hdmi_gameLogic_0_0 is either unconnected or has no load
WARNING: [Synth 8-7129] Port input_data[13] in module hdmi_gameLogic_0_0 is either unconnected or has no load
WARNING: [Synth 8-7129] Port input_data[12] in module hdmi_gameLogic_0_0 is either unconnected or has no load
WARNING: [Synth 8-7129] Port input_data[11] in module hdmi_gameLogic_0_0 is either unconnected or has no load
WARNING: [Synth 8-7129] Port input_data[10] in module hdmi_gameLogic_0_0 is either unconnected or has no load
WARNING: [Synth 8-7129] Port input_data[9] in module hdmi_gameLogic_0_0 is either unconnected or has no load
WARNING: [Synth 8-7129] Port input_data[8] in module hdmi_gameLogic_0_0 is either unconnected or has no load
WARNING: [Synth 8-7129] Port input_data[7] in module hdmi_gameLogic_0_0 is either unconnected or has no load
WARNING: [Synth 8-7129] Port input_data[6] in module hdmi_gameLogic_0_0 is either unconnected or has no load
---------------------------------------------------------------------------------
Finished Cross Boundary and Area Optimization : Time (s): cpu = 00:00:18 ; elapsed = 00:00:20 . Memory (MB): peak = 1689.055 ; gain = 624.160
---------------------------------------------------------------------------------
---------------------------------------------------------------------------------
Start Applying XDC Timing Constraints
---------------------------------------------------------------------------------
---------------------------------------------------------------------------------
Finished Applying XDC Timing Constraints : Time (s): cpu = 00:00:25 ; elapsed = 00:00:27 . Memory (MB): peak = 1689.055 ; gain = 624.160
---------------------------------------------------------------------------------
---------------------------------------------------------------------------------
Start Timing Optimization
---------------------------------------------------------------------------------
---------------------------------------------------------------------------------
Finished Timing Optimization : Time (s): cpu = 00:00:25 ; elapsed = 00:00:27 . Memory (MB): peak = 1689.055 ; gain = 624.160
---------------------------------------------------------------------------------
---------------------------------------------------------------------------------
Start Technology Mapping
---------------------------------------------------------------------------------
---------------------------------------------------------------------------------
Finished Technology Mapping : Time (s): cpu = 00:00:25 ; elapsed = 00:00:27 . Memory (MB): peak = 1689.055 ; gain = 624.160
---------------------------------------------------------------------------------
---------------------------------------------------------------------------------
Start IO Insertion
---------------------------------------------------------------------------------
---------------------------------------------------------------------------------
Start Flattening Before IO Insertion
---------------------------------------------------------------------------------
---------------------------------------------------------------------------------
Finished Flattening Before IO Insertion
---------------------------------------------------------------------------------
---------------------------------------------------------------------------------
Start Final Netlist Cleanup
---------------------------------------------------------------------------------
---------------------------------------------------------------------------------
Finished Final Netlist Cleanup
---------------------------------------------------------------------------------
---------------------------------------------------------------------------------
Finished IO Insertion : Time (s): cpu = 00:00:30 ; elapsed = 00:00:32 . Memory (MB): peak = 1689.055 ; gain = 624.160
---------------------------------------------------------------------------------
---------------------------------------------------------------------------------
Start Renaming Generated Instances
---------------------------------------------------------------------------------
---------------------------------------------------------------------------------
Finished Renaming Generated Instances : Time (s): cpu = 00:00:30 ; elapsed = 00:00:32 . Memory (MB): peak = 1689.055 ; gain = 624.160
---------------------------------------------------------------------------------
---------------------------------------------------------------------------------
Start Rebuilding User Hierarchy
---------------------------------------------------------------------------------
---------------------------------------------------------------------------------
Finished Rebuilding User Hierarchy : Time (s): cpu = 00:00:30 ; elapsed = 00:00:32 . Memory (MB): peak = 1689.055 ; gain = 624.160
---------------------------------------------------------------------------------
---------------------------------------------------------------------------------
Start Renaming Generated Ports
---------------------------------------------------------------------------------
---------------------------------------------------------------------------------
Finished Renaming Generated Ports : Time (s): cpu = 00:00:30 ; elapsed = 00:00:32 . Memory (MB): peak = 1689.055 ; gain = 624.160
---------------------------------------------------------------------------------
---------------------------------------------------------------------------------
Start Handling Custom Attributes
---------------------------------------------------------------------------------
---------------------------------------------------------------------------------
Finished Handling Custom Attributes : Time (s): cpu = 00:00:30 ; elapsed = 00:00:32 . Memory (MB): peak = 1689.055 ; gain = 624.160
---------------------------------------------------------------------------------
---------------------------------------------------------------------------------
Start Renaming Generated Nets
---------------------------------------------------------------------------------
---------------------------------------------------------------------------------
Finished Renaming Generated Nets : Time (s): cpu = 00:00:30 ; elapsed = 00:00:32 . Memory (MB): peak = 1689.055 ; gain = 624.160
---------------------------------------------------------------------------------
---------------------------------------------------------------------------------
Start Writing Synthesis Report
---------------------------------------------------------------------------------

Report BlackBoxes: 
+-+--------------+----------+
| |BlackBox name |Instances |
+-+--------------+----------+
+-+--------------+----------+

Report Cell Usage: 
+------+-----+------+
|      |Cell |Count |
+------+-----+------+
|1     |LUT2 |     4|
|2     |LUT3 |     5|
|3     |LUT4 |    10|
|4     |LUT5 |    27|
|5     |LUT6 |    50|
|6     |FDRE |    27|
+------+-----+------+
---------------------------------------------------------------------------------
Finished Writing Synthesis Report : Time (s): cpu = 00:00:30 ; elapsed = 00:00:32 . Memory (MB): peak = 1689.055 ; gain = 624.160
---------------------------------------------------------------------------------
Synthesis finished with 0 errors, 0 critical warnings and 26 warnings.
Synthesis Optimization Runtime : Time (s): cpu = 00:00:20 ; elapsed = 00:00:29 . Memory (MB): peak = 1689.055 ; gain = 562.762
Synthesis Optimization Complete : Time (s): cpu = 00:00:30 ; elapsed = 00:00:32 . Memory (MB): peak = 1689.055 ; gain = 624.160
INFO: [Project 1-571] Translating synthesized netlist
Netlist sorting complete. Time (s): cpu = 00:00:00 ; elapsed = 00:00:00.001 . Memory (MB): peak = 1689.055 ; gain = 0.000
INFO: [Project 1-570] Preparing netlist for logic optimization
INFO: [Opt 31-138] Pushed 0 inverter(s) to 0 load pin(s).
Netlist sorting complete. Time (s): cpu = 00:00:00 ; elapsed = 00:00:00 . Memory (MB): peak = 1689.055 ; gain = 0.000
INFO: [Project 1-111] Unisim Transformation Summary:
No Unisim elements were transformed.

Synth Design complete | Checksum: ea32164b
INFO: [Common 17-83] Releasing license: Synthesis
33 Infos, 51 Warnings, 0 Critical Warnings and 0 Errors encountered.
synth_design completed successfully
synth_design: Time (s): cpu = 00:00:35 ; elapsed = 00:00:39 . Memory (MB): peak = 1689.055 ; gain = 1040.773
Write ShapeDB Complete: Time (s): cpu = 00:00:00 ; elapsed = 00:00:00.005 . Memory (MB): peak = 1689.055 ; gain = 0.000
INFO: [Common 17-1381] The checkpoint 'A:/Facultate/Labs/SSC/TicTacToe/Hardware/zybo_hdmi.runs/hdmi_gameLogic_0_0_synth_1/hdmi_gameLogic_0_0.dcp' has been generated.
INFO: [Vivado 12-24828] Executing command : report_utilization -file hdmi_gameLogic_0_0_utilization_synth.rpt -pb hdmi_gameLogic_0_0_utilization_synth.pb
INFO: [Common 17-206] Exiting Vivado at Tue Dec  2 18:43:47 2025...
